This file contains any messages produced by compilers while
running configure, to aid debugging if configure makes a mistake.

It was created by configure, which was
generated by GNU Autoconf 2.69.  Invocation command line was

  $ ./configure 

## --------- ##
## Platform. ##
## --------- ##

hostname = Chirag-Sanghvis-MacBook.local
uname -m = x86_64
uname -r = 11.4.2
uname -s = Darwin
uname -v = Darwin Kernel Version 11.4.2: Thu Aug 23 16:25:48 PDT 2012; root:xnu-1699.32.7~1/RELEASE_X86_64

/usr/bin/uname -p = i386
/bin/uname -X     = unknown

/bin/arch              = unknown
/usr/bin/arch -k       = unknown
/usr/convex/getsysinfo = unknown
/usr/bin/hostinfo      = Mach kernel version:
	 Darwin Kernel Version 11.4.2: Thu Aug 23 16:25:48 PDT 2012; root:xnu-1699.32.7~1/RELEASE_X86_64
Kernel configured for up to 2 processors.
2 processors are physically available.
2 processors are logically available.
Processor type: i486 (Intel 80486)
Processors active: 0 1
Primary memory available: 8.00 gigabytes
Default processor set: 86 tasks, 388 threads, 2 processors
Load average: 0.34, Mach factor: 1.64
/bin/machine           = unknown
/usr/bin/oslevel       = unknown
/bin/universe          = unknown

PATH: /usr/bin
PATH: /bin
PATH: /usr/sbin
PATH: /sbin
PATH: /usr/local/bin
PATH: /usr/X11/bin
PATH: /usr/local/git/bin
PATH: /Users/chiragsanghvi/android/tools
PATH: /Users/chiragsanghvi/android/platform-tools


## ----------- ##
## Core tests. ##
## ----------- ##

configure:3063: checking for chosen layout
configure:3065: result: Apache
configure:3868: checking for working mkdir -p
configure:3884: result: yes
configure:3893: checking for grep that handles long lines and -e
configure:3951: result: /usr/bin/grep
configure:3956: checking for egrep
configure:4018: result: /usr/bin/grep -E
configure:4034: checking build system type
configure:4048: result: x86_64-apple-darwin11.4.2
configure:4068: checking host system type
configure:4081: result: x86_64-apple-darwin11.4.2
configure:4101: checking target system type
configure:4114: result: x86_64-apple-darwin11.4.2
configure:4144: 
configure:4146: Configuring Apache Portable Runtime library...
configure:4148: 
configure:4189: checking for APR
configure:4334: result: yes
configure:4594: 
configure:4596: Configuring Apache Portable Runtime Utility library...
configure:4598: 
configure:4635: checking for APR-util
configure:4714: result: yes
configure:4975: checking for gcc
configure:5002: result: gcc
configure:5231: checking for C compiler version
configure:5240: gcc --version >&5
i686-apple-darwin11-llvm-gcc-4.2 (GCC) 4.2.1 (Based on Apple Inc. build 5658) (LLVM build 2336.11.00)
Copyright (C) 2007 Free Software Foundation, Inc.
This is free software; see the source for copying conditions.  There is NO
warranty; not even for MERCHANTABILITY or FITNESS FOR A PARTICULAR PURPOSE.

configure:5251: $? = 0
configure:5240: gcc -v >&5
Using built-in specs.
Target: i686-apple-darwin11
Configured with: /private/var/tmp/llvmgcc42/llvmgcc42-2336.11~182/src/configure --disable-checking --enable-werror --prefix=/Applications/Xcode.app/Contents/Developer/usr/llvm-gcc-4.2 --mandir=/share/man --enable-languages=c,objc,c++,obj-c++ --program-prefix=llvm- --program-transform-name=/^[cg][^.-]*$/s/$/-4.2/ --with-slibdir=/usr/lib --build=i686-apple-darwin11 --enable-llvm=/private/var/tmp/llvmgcc42/llvmgcc42-2336.11~182/dst-llvmCore/Developer/usr/local --program-prefix=i686-apple-darwin11- --host=x86_64-apple-darwin11 --target=i686-apple-darwin11 --with-gxx-include-dir=/usr/include/c++/4.2.1
Thread model: posix
gcc version 4.2.1 (Based on Apple Inc. build 5658) (LLVM build 2336.11.00)
configure:5251: $? = 0
configure:5240: gcc -V >&5
llvm-gcc-4.2: argument to `-V' is missing
configure:5251: $? = 1
configure:5240: gcc -qversion >&5
i686-apple-darwin11-llvm-gcc-4.2: no input files
configure:5251: $? = 1
configure:5271: checking whether the C compiler works
configure:5293: gcc    -DDARWIN -DSIGPROCMASK_SETS_THREAD_MASK   conftest.c  >&5
configure:5297: $? = 0
configure:5345: result: yes
configure:5348: checking for C compiler default output file name
configure:5350: result: a.out
configure:5356: checking for suffix of executables
configure:5363: gcc -o conftest    -DDARWIN -DSIGPROCMASK_SETS_THREAD_MASK   conftest.c  >&5
configure:5367: $? = 0
configure:5389: result: 
configure:5411: checking whether we are cross compiling
configure:5419: gcc -o conftest    -DDARWIN -DSIGPROCMASK_SETS_THREAD_MASK   conftest.c  >&5
configure:5423: $? = 0
configure:5430: ./conftest
configure:5434: $? = 0
configure:5449: result: no
configure:5454: checking for suffix of object files
configure:5476: gcc -c    -DDARWIN -DSIGPROCMASK_SETS_THREAD_MASK conftest.c >&5
configure:5480: $? = 0
configure:5501: result: o
configure:5505: checking whether we are using the GNU C compiler
configure:5524: gcc -c    -DDARWIN -DSIGPROCMASK_SETS_THREAD_MASK conftest.c >&5
configure:5524: $? = 0
configure:5533: result: yes
configure:5542: checking whether gcc accepts -g
configure:5562: gcc -c -g  -DDARWIN -DSIGPROCMASK_SETS_THREAD_MASK conftest.c >&5
configure:5562: $? = 0
configure:5603: result: yes
configure:5620: checking for gcc option to accept ISO C89
configure:5683: gcc  -c    -DDARWIN -DSIGPROCMASK_SETS_THREAD_MASK conftest.c >&5
configure:5683: $? = 0
configure:5696: result: none needed
configure:5721: checking how to run the C preprocessor
configure:5791: result: gcc -E
configure:5811: gcc -E  -DDARWIN -DSIGPROCMASK_SETS_THREAD_MASK conftest.c
configure:5811: $? = 0
configure:5825: gcc -E  -DDARWIN -DSIGPROCMASK_SETS_THREAD_MASK conftest.c
conftest.c:9:28: error: ac_nonexistent.h: No such file or directory
configure:5825: $? = 1
configure: failed program was:
| /* confdefs.h */
| #define PACKAGE_NAME ""
| #define PACKAGE_TARNAME ""
| #define PACKAGE_VERSION ""
| #define PACKAGE_STRING ""
| #define PACKAGE_BUGREPORT ""
| #define PACKAGE_URL ""
| /* end confdefs.h.  */
| #include <ac_nonexistent.h>
configure:5854: checking for gcc option to accept ISO C99
configure:6003: gcc  -c    -DDARWIN -DSIGPROCMASK_SETS_THREAD_MASK conftest.c >&5
conftest.c:59: error: expected ';', ',' or ')' before 'text'
conftest.c: In function 'main':
conftest.c:113: error: nested functions are disabled, use -fnested-functions to re-enable
conftest.c:113: error: expected '=', ',', ';', 'asm' or '__attribute__' before 'newvar'
conftest.c:113: error: 'newvar' undeclared (first use in this function)
conftest.c:113: error: (Each undeclared identifier is reported only once
conftest.c:113: error: for each function it appears in.)
conftest.c:123: error: 'for' loop initial declaration used outside C99 mode
configure:6003: $? = 1
configure: failed program was:
| /* confdefs.h */
| #define PACKAGE_NAME ""
| #define PACKAGE_TARNAME ""
| #define PACKAGE_VERSION ""
| #define PACKAGE_STRING ""
| #define PACKAGE_BUGREPORT ""
| #define PACKAGE_URL ""
| /* end confdefs.h.  */
| #include <stdarg.h>
| #include <stdbool.h>
| #include <stdlib.h>
| #include <wchar.h>
| #include <stdio.h>
| 
| // Check varargs macros.  These examples are taken from C99 6.10.3.5.
| #define debug(...) fprintf (stderr, __VA_ARGS__)
| #define showlist(...) puts (#__VA_ARGS__)
| #define report(test,...) ((test) ? puts (#test) : printf (__VA_ARGS__))
| static void
| test_varargs_macros (void)
| {
|   int x = 1234;
|   int y = 5678;
|   debug ("Flag");
|   debug ("X = %d\n", x);
|   showlist (The first, second, and third items.);
|   report (x>y, "x is %d but y is %d", x, y);
| }
| 
| // Check long long types.
| #define BIG64 18446744073709551615ull
| #define BIG32 4294967295ul
| #define BIG_OK (BIG64 / BIG32 == 4294967297ull && BIG64 % BIG32 == 0)
| #if !BIG_OK
|   your preprocessor is broken;
| #endif
| #if BIG_OK
| #else
|   your preprocessor is broken;
| #endif
| static long long int bignum = -9223372036854775807LL;
| static unsigned long long int ubignum = BIG64;
| 
| struct incomplete_array
| {
|   int datasize;
|   double data[];
| };
| 
| struct named_init {
|   int number;
|   const wchar_t *name;
|   double average;
| };
| 
| typedef const char *ccp;
| 
| static inline int
| test_restrict (ccp restrict text)
| {
|   // See if C++-style comments work.
|   // Iterate through items via the restricted pointer.
|   // Also check for declarations in for loops.
|   for (unsigned int i = 0; *(text+i) != '\0'; ++i)
|     continue;
|   return 0;
| }
| 
| // Check varargs and va_copy.
| static void
| test_varargs (const char *format, ...)
| {
|   va_list args;
|   va_start (args, format);
|   va_list args_copy;
|   va_copy (args_copy, args);
| 
|   const char *str;
|   int number;
|   float fnumber;
| 
|   while (*format)
|     {
|       switch (*format++)
| 	{
| 	case 's': // string
| 	  str = va_arg (args_copy, const char *);
| 	  break;
| 	case 'd': // int
| 	  number = va_arg (args_copy, int);
| 	  break;
| 	case 'f': // float
| 	  fnumber = va_arg (args_copy, double);
| 	  break;
| 	default:
| 	  break;
| 	}
|     }
|   va_end (args_copy);
|   va_end (args);
| }
| 
| int
| main ()
| {
| 
|   // Check bool.
|   _Bool success = false;
| 
|   // Check restrict.
|   if (test_restrict ("String literal") == 0)
|     success = true;
|   char *restrict newvar = "Another string";
| 
|   // Check varargs.
|   test_varargs ("s, d' f .", "string", 65, 34.234);
|   test_varargs_macros ();
| 
|   // Check flexible array members.
|   struct incomplete_array *ia =
|     malloc (sizeof (struct incomplete_array) + (sizeof (double) * 10));
|   ia->datasize = 10;
|   for (int i = 0; i < ia->datasize; ++i)
|     ia->data[i] = i * 1.234;
| 
|   // Check named initializers.
|   struct named_init ni = {
|     .number = 34,
|     .name = L"Test wide string",
|     .average = 543.34343,
|   };
| 
|   ni.number = 58;
| 
|   int dynamic_array[ni.number];
|   dynamic_array[ni.number - 1] = 543;
| 
|   // work around unused variable warnings
|   return (!success || bignum == 0LL || ubignum == 0uLL || newvar[0] == 'x'
| 	  || dynamic_array[ni.number - 1] != 543);
| 
|   ;
|   return 0;
| }
configure:6003: gcc -std=gnu99 -c    -DDARWIN -DSIGPROCMASK_SETS_THREAD_MASK conftest.c >&5
configure:6003: $? = 0
configure:6023: result: -std=gnu99
configure:6047: checking for pcre-config
configure:6065: found /usr/local/bin/pcre-config
configure:6078: result: /usr/local/bin/pcre-config
configure:6101: Using external PCRE library from /usr/local/bin/pcre-config
configure:6153: 
configure:6155: Configuring Apache httpd...
configure:6157: 
configure:6297: 
configure:6299: Applying OS-specific hints for httpd...
configure:6301: 
configure:6466: checking for rm
configure:6484: found /bin/rm
configure:6496: result: /bin/rm
configure:6506: checking for pkg-config
configure:6539: result: no
configure:6546: checking for rsync
configure:6564: found /usr/bin/rsync
configure:6576: result: /usr/bin/rsync
configure:6588: checking for gawk
configure:6618: result: no
configure:6588: checking for mawk
configure:6618: result: no
configure:6588: checking for nawk
configure:6618: result: no
configure:6588: checking for awk
configure:6604: found /usr/bin/awk
configure:6615: result: awk
configure:6626: checking whether ln -s works
configure:6630: result: yes
configure:6680: checking for ranlib
configure:6696: found /usr/bin/ranlib
configure:6707: result: ranlib
configure:6733: checking for lynx
configure:6763: result: no
configure:6733: checking for links
configure:6763: result: no
configure:6733: checking for elinks
configure:6763: result: no
configure:6788: checking for ANSI C header files
configure:6808: gcc -std=gnu99 -c    -DDARWIN -DSIGPROCMASK_SETS_THREAD_MASK conftest.c >&5
configure:6808: $? = 0
configure:6881: gcc -std=gnu99 -o conftest    -DDARWIN -DSIGPROCMASK_SETS_THREAD_MASK   conftest.c  >&5
configure:6881: $? = 0
configure:6881: ./conftest
configure:6881: $? = 0
configure:6892: result: yes
configure:6905: checking for sys/types.h
configure:6905: gcc -std=gnu99 -c    -DDARWIN -DSIGPROCMASK_SETS_THREAD_MASK conftest.c >&5
configure:6905: $? = 0
configure:6905: result: yes
configure:6905: checking for sys/stat.h
configure:6905: gcc -std=gnu99 -c    -DDARWIN -DSIGPROCMASK_SETS_THREAD_MASK conftest.c >&5
configure:6905: $? = 0
configure:6905: result: yes
configure:6905: checking for stdlib.h
configure:6905: gcc -std=gnu99 -c    -DDARWIN -DSIGPROCMASK_SETS_THREAD_MASK conftest.c >&5
configure:6905: $? = 0
configure:6905: result: yes
configure:6905: checking for string.h
configure:6905: gcc -std=gnu99 -c    -DDARWIN -DSIGPROCMASK_SETS_THREAD_MASK conftest.c >&5
configure:6905: $? = 0
configure:6905: result: yes
configure:6905: checking for memory.h
configure:6905: gcc -std=gnu99 -c    -DDARWIN -DSIGPROCMASK_SETS_THREAD_MASK conftest.c >&5
configure:6905: $? = 0
configure:6905: result: yes
configure:6905: checking for strings.h
configure:6905: gcc -std=gnu99 -c    -DDARWIN -DSIGPROCMASK_SETS_THREAD_MASK conftest.c >&5
configure:6905: $? = 0
configure:6905: result: yes
configure:6905: checking for inttypes.h
configure:6905: gcc -std=gnu99 -c    -DDARWIN -DSIGPROCMASK_SETS_THREAD_MASK conftest.c >&5
configure:6905: $? = 0
configure:6905: result: yes
configure:6905: checking for stdint.h
configure:6905: gcc -std=gnu99 -c    -DDARWIN -DSIGPROCMASK_SETS_THREAD_MASK conftest.c >&5
configure:6905: $? = 0
configure:6905: result: yes
configure:6905: checking for unistd.h
configure:6905: gcc -std=gnu99 -c    -DDARWIN -DSIGPROCMASK_SETS_THREAD_MASK conftest.c >&5
configure:6905: $? = 0
configure:6905: result: yes
configure:6918: checking minix/config.h usability
configure:6918: gcc -std=gnu99 -c    -DDARWIN -DSIGPROCMASK_SETS_THREAD_MASK conftest.c >&5
conftest.c:52:26: error: minix/config.h: No such file or directory
configure:6918: $? = 1
configure: failed program was:
| /* confdefs.h */
| #define PACKAGE_NAME ""
| #define PACKAGE_TARNAME ""
| #define PACKAGE_VERSION ""
| #define PACKAGE_STRING ""
| #define PACKAGE_BUGREPORT ""
| #define PACKAGE_URL ""
| #define STDC_HEADERS 1
| #define HAVE_SYS_TYPES_H 1
| #define HAVE_SYS_STAT_H 1
| #define HAVE_STDLIB_H 1
| #define HAVE_STRING_H 1
| #define HAVE_MEMORY_H 1
| #define HAVE_STRINGS_H 1
| #define HAVE_INTTYPES_H 1
| #define HAVE_STDINT_H 1
| #define HAVE_UNISTD_H 1
| /* end confdefs.h.  */
| #include <stdio.h>
| #ifdef HAVE_SYS_TYPES_H
| # include <sys/types.h>
| #endif
| #ifdef HAVE_SYS_STAT_H
| # include <sys/stat.h>
| #endif
| #ifdef STDC_HEADERS
| # include <stdlib.h>
| # include <stddef.h>
| #else
| # ifdef HAVE_STDLIB_H
| #  include <stdlib.h>
| # endif
| #endif
| #ifdef HAVE_STRING_H
| # if !defined STDC_HEADERS && defined HAVE_MEMORY_H
| #  include <memory.h>
| # endif
| # include <string.h>
| #endif
| #ifdef HAVE_STRINGS_H
| # include <strings.h>
| #endif
| #ifdef HAVE_INTTYPES_H
| # include <inttypes.h>
| #endif
| #ifdef HAVE_STDINT_H
| # include <stdint.h>
| #endif
| #ifdef HAVE_UNISTD_H
| # include <unistd.h>
| #endif
| #include <minix/config.h>
configure:6918: result: no
configure:6918: checking minix/config.h presence
configure:6918: gcc -E  -DDARWIN -DSIGPROCMASK_SETS_THREAD_MASK conftest.c
conftest.c:19:26: error: minix/config.h: No such file or directory
configure:6918: $? = 1
configure: failed program was:
| /* confdefs.h */
| #define PACKAGE_NAME ""
| #define PACKAGE_TARNAME ""
| #define PACKAGE_VERSION ""
| #define PACKAGE_STRING ""
| #define PACKAGE_BUGREPORT ""
| #define PACKAGE_URL ""
| #define STDC_HEADERS 1
| #define HAVE_SYS_TYPES_H 1
| #define HAVE_SYS_STAT_H 1
| #define HAVE_STDLIB_H 1
| #define HAVE_STRING_H 1
| #define HAVE_MEMORY_H 1
| #define HAVE_STRINGS_H 1
| #define HAVE_INTTYPES_H 1
| #define HAVE_STDINT_H 1
| #define HAVE_UNISTD_H 1
| /* end confdefs.h.  */
| #include <minix/config.h>
configure:6918: result: no
configure:6918: checking for minix/config.h
configure:6918: result: no
configure:6939: checking whether it is safe to define __EXTENSIONS__
configure:6957: gcc -std=gnu99 -c    -DDARWIN -DSIGPROCMASK_SETS_THREAD_MASK conftest.c >&5
configure:6957: $? = 0
configure:6964: result: yes
configure:6980: checking for library containing strerror
configure:7011: gcc -std=gnu99 -o conftest    -DDARWIN -DSIGPROCMASK_SETS_THREAD_MASK   conftest.c  >&5
configure:7011: $? = 0
configure:7028: result: none required
configure:7050: checking for APR version 1.3.0 or later
configure:7074: result: yes
configure:7107: checking for APR-util version 1.3.0 or later
configure:7131: result: yes
configure:7233: checking for ANSI C header files
configure:7337: result: yes
configure:7361: checking for string.h
configure:7361: result: yes
configure:7361: checking limits.h usability
configure:7361: gcc -std=gnu99 -c    -DDARWIN -DSIGPROCMASK_SETS_THREAD_MASK conftest.c >&5
configure:7361: $? = 0
configure:7361: result: yes
configure:7361: checking limits.h presence
configure:7361: gcc -E  -DDARWIN -DSIGPROCMASK_SETS_THREAD_MASK conftest.c
configure:7361: $? = 0
configure:7361: result: yes
configure:7361: checking for limits.h
configure:7361: result: yes
configure:7361: checking for unistd.h
configure:7361: result: yes
configure:7361: checking sys/socket.h usability
configure:7361: gcc -std=gnu99 -c    -DDARWIN -DSIGPROCMASK_SETS_THREAD_MASK conftest.c >&5
configure:7361: $? = 0
configure:7361: result: yes
configure:7361: checking sys/socket.h presence
configure:7361: gcc -E  -DDARWIN -DSIGPROCMASK_SETS_THREAD_MASK conftest.c
configure:7361: $? = 0
configure:7361: result: yes
configure:7361: checking for sys/socket.h
configure:7361: result: yes
configure:7361: checking pwd.h usability
configure:7361: gcc -std=gnu99 -c    -DDARWIN -DSIGPROCMASK_SETS_THREAD_MASK conftest.c >&5
configure:7361: $? = 0
configure:7361: result: yes
configure:7361: checking pwd.h presence
configure:7361: gcc -E  -DDARWIN -DSIGPROCMASK_SETS_THREAD_MASK conftest.c
configure:7361: $? = 0
configure:7361: result: yes
configure:7361: checking for pwd.h
configure:7361: result: yes
configure:7361: checking grp.h usability
configure:7361: gcc -std=gnu99 -c    -DDARWIN -DSIGPROCMASK_SETS_THREAD_MASK conftest.c >&5
configure:7361: $? = 0
configure:7361: result: yes
configure:7361: checking grp.h presence
configure:7361: gcc -E  -DDARWIN -DSIGPROCMASK_SETS_THREAD_MASK conftest.c
configure:7361: $? = 0
configure:7361: result: yes
configure:7361: checking for grp.h
configure:7361: result: yes
configure:7361: checking for strings.h
configure:7361: result: yes
configure:7361: checking sys/prctl.h usability
configure:7361: gcc -std=gnu99 -c    -DDARWIN -DSIGPROCMASK_SETS_THREAD_MASK conftest.c >&5
conftest.c:65:23: error: sys/prctl.h: No such file or directory
configure:7361: $? = 1
configure: failed program was:
| /* confdefs.h */
| #define PACKAGE_NAME ""
| #define PACKAGE_TARNAME ""
| #define PACKAGE_VERSION ""
| #define PACKAGE_STRING ""
| #define PACKAGE_BUGREPORT ""
| #define PACKAGE_URL ""
| #define STDC_HEADERS 1
| #define HAVE_SYS_TYPES_H 1
| #define HAVE_SYS_STAT_H 1
| #define HAVE_STDLIB_H 1
| #define HAVE_STRING_H 1
| #define HAVE_MEMORY_H 1
| #define HAVE_STRINGS_H 1
| #define HAVE_INTTYPES_H 1
| #define HAVE_STDINT_H 1
| #define HAVE_UNISTD_H 1
| #define __EXTENSIONS__ 1
| #define _ALL_SOURCE 1
| #define _GNU_SOURCE 1
| #define _POSIX_PTHREAD_SEMANTICS 1
| #define _TANDEM_SOURCE 1
| #define STDC_HEADERS 1
| #define HAVE_STRING_H 1
| #define HAVE_LIMITS_H 1
| #define HAVE_UNISTD_H 1
| #define HAVE_SYS_SOCKET_H 1
| #define HAVE_PWD_H 1
| #define HAVE_GRP_H 1
| #define HAVE_STRINGS_H 1
| /* end confdefs.h.  */
| #include <stdio.h>
| #ifdef HAVE_SYS_TYPES_H
| # include <sys/types.h>
| #endif
| #ifdef HAVE_SYS_STAT_H
| # include <sys/stat.h>
| #endif
| #ifdef STDC_HEADERS
| # include <stdlib.h>
| # include <stddef.h>
| #else
| # ifdef HAVE_STDLIB_H
| #  include <stdlib.h>
| # endif
| #endif
| #ifdef HAVE_STRING_H
| # if !defined STDC_HEADERS && defined HAVE_MEMORY_H
| #  include <memory.h>
| # endif
| # include <string.h>
| #endif
| #ifdef HAVE_STRINGS_H
| # include <strings.h>
| #endif
| #ifdef HAVE_INTTYPES_H
| # include <inttypes.h>
| #endif
| #ifdef HAVE_STDINT_H
| # include <stdint.h>
| #endif
| #ifdef HAVE_UNISTD_H
| # include <unistd.h>
| #endif
| #include <sys/prctl.h>
configure:7361: result: no
configure:7361: checking sys/prctl.h presence
configure:7361: gcc -E  -DDARWIN -DSIGPROCMASK_SETS_THREAD_MASK conftest.c
conftest.c:32:23: error: sys/prctl.h: No such file or directory
configure:7361: $? = 1
configure: failed program was:
| /* confdefs.h */
| #define PACKAGE_NAME ""
| #define PACKAGE_TARNAME ""
| #define PACKAGE_VERSION ""
| #define PACKAGE_STRING ""
| #define PACKAGE_BUGREPORT ""
| #define PACKAGE_URL ""
| #define STDC_HEADERS 1
| #define HAVE_SYS_TYPES_H 1
| #define HAVE_SYS_STAT_H 1
| #define HAVE_STDLIB_H 1
| #define HAVE_STRING_H 1
| #define HAVE_MEMORY_H 1
| #define HAVE_STRINGS_H 1
| #define HAVE_INTTYPES_H 1
| #define HAVE_STDINT_H 1
| #define HAVE_UNISTD_H 1
| #define __EXTENSIONS__ 1
| #define _ALL_SOURCE 1
| #define _GNU_SOURCE 1
| #define _POSIX_PTHREAD_SEMANTICS 1
| #define _TANDEM_SOURCE 1
| #define STDC_HEADERS 1
| #define HAVE_STRING_H 1
| #define HAVE_LIMITS_H 1
| #define HAVE_UNISTD_H 1
| #define HAVE_SYS_SOCKET_H 1
| #define HAVE_PWD_H 1
| #define HAVE_GRP_H 1
| #define HAVE_STRINGS_H 1
| /* end confdefs.h.  */
| #include <sys/prctl.h>
configure:7361: result: no
configure:7361: checking for sys/prctl.h
configure:7361: result: no
configure:7361: checking sys/processor.h usability
configure:7361: gcc -std=gnu99 -c    -DDARWIN -DSIGPROCMASK_SETS_THREAD_MASK conftest.c >&5
conftest.c:65:27: error: sys/processor.h: No such file or directory
configure:7361: $? = 1
configure: failed program was:
| /* confdefs.h */
| #define PACKAGE_NAME ""
| #define PACKAGE_TARNAME ""
| #define PACKAGE_VERSION ""
| #define PACKAGE_STRING ""
| #define PACKAGE_BUGREPORT ""
| #define PACKAGE_URL ""
| #define STDC_HEADERS 1
| #define HAVE_SYS_TYPES_H 1
| #define HAVE_SYS_STAT_H 1
| #define HAVE_STDLIB_H 1
| #define HAVE_STRING_H 1
| #define HAVE_MEMORY_H 1
| #define HAVE_STRINGS_H 1
| #define HAVE_INTTYPES_H 1
| #define HAVE_STDINT_H 1
| #define HAVE_UNISTD_H 1
| #define __EXTENSIONS__ 1
| #define _ALL_SOURCE 1
| #define _GNU_SOURCE 1
| #define _POSIX_PTHREAD_SEMANTICS 1
| #define _TANDEM_SOURCE 1
| #define STDC_HEADERS 1
| #define HAVE_STRING_H 1
| #define HAVE_LIMITS_H 1
| #define HAVE_UNISTD_H 1
| #define HAVE_SYS_SOCKET_H 1
| #define HAVE_PWD_H 1
| #define HAVE_GRP_H 1
| #define HAVE_STRINGS_H 1
| /* end confdefs.h.  */
| #include <stdio.h>
| #ifdef HAVE_SYS_TYPES_H
| # include <sys/types.h>
| #endif
| #ifdef HAVE_SYS_STAT_H
| # include <sys/stat.h>
| #endif
| #ifdef STDC_HEADERS
| # include <stdlib.h>
| # include <stddef.h>
| #else
| # ifdef HAVE_STDLIB_H
| #  include <stdlib.h>
| # endif
| #endif
| #ifdef HAVE_STRING_H
| # if !defined STDC_HEADERS && defined HAVE_MEMORY_H
| #  include <memory.h>
| # endif
| # include <string.h>
| #endif
| #ifdef HAVE_STRINGS_H
| # include <strings.h>
| #endif
| #ifdef HAVE_INTTYPES_H
| # include <inttypes.h>
| #endif
| #ifdef HAVE_STDINT_H
| # include <stdint.h>
| #endif
| #ifdef HAVE_UNISTD_H
| # include <unistd.h>
| #endif
| #include <sys/processor.h>
configure:7361: result: no
configure:7361: checking sys/processor.h presence
configure:7361: gcc -E  -DDARWIN -DSIGPROCMASK_SETS_THREAD_MASK conftest.c
conftest.c:32:27: error: sys/processor.h: No such file or directory
configure:7361: $? = 1
configure: failed program was:
| /* confdefs.h */
| #define PACKAGE_NAME ""
| #define PACKAGE_TARNAME ""
| #define PACKAGE_VERSION ""
| #define PACKAGE_STRING ""
| #define PACKAGE_BUGREPORT ""
| #define PACKAGE_URL ""
| #define STDC_HEADERS 1
| #define HAVE_SYS_TYPES_H 1
| #define HAVE_SYS_STAT_H 1
| #define HAVE_STDLIB_H 1
| #define HAVE_STRING_H 1
| #define HAVE_MEMORY_H 1
| #define HAVE_STRINGS_H 1
| #define HAVE_INTTYPES_H 1
| #define HAVE_STDINT_H 1
| #define HAVE_UNISTD_H 1
| #define __EXTENSIONS__ 1
| #define _ALL_SOURCE 1
| #define _GNU_SOURCE 1
| #define _POSIX_PTHREAD_SEMANTICS 1
| #define _TANDEM_SOURCE 1
| #define STDC_HEADERS 1
| #define HAVE_STRING_H 1
| #define HAVE_LIMITS_H 1
| #define HAVE_UNISTD_H 1
| #define HAVE_SYS_SOCKET_H 1
| #define HAVE_PWD_H 1
| #define HAVE_GRP_H 1
| #define HAVE_STRINGS_H 1
| /* end confdefs.h.  */
| #include <sys/processor.h>
configure:7361: result: no
configure:7361: checking for sys/processor.h
configure:7361: result: no
configure:7361: checking sys/sem.h usability
configure:7361: gcc -std=gnu99 -c    -DDARWIN -DSIGPROCMASK_SETS_THREAD_MASK conftest.c >&5
configure:7361: $? = 0
configure:7361: result: yes
configure:7361: checking sys/sem.h presence
configure:7361: gcc -E  -DDARWIN -DSIGPROCMASK_SETS_THREAD_MASK conftest.c
configure:7361: $? = 0
configure:7361: result: yes
configure:7361: checking for sys/sem.h
configure:7361: result: yes
configure:7361: checking sys/sdt.h usability
configure:7361: gcc -std=gnu99 -c    -DDARWIN -DSIGPROCMASK_SETS_THREAD_MASK conftest.c >&5
configure:7361: $? = 0
configure:7361: result: yes
configure:7361: checking sys/sdt.h presence
configure:7361: gcc -E  -DDARWIN -DSIGPROCMASK_SETS_THREAD_MASK conftest.c
configure:7361: $? = 0
configure:7361: result: yes
configure:7361: checking for sys/sdt.h
configure:7361: result: yes
configure:7361: checking sys/loadavg.h usability
configure:7361: gcc -std=gnu99 -c    -DDARWIN -DSIGPROCMASK_SETS_THREAD_MASK conftest.c >&5
conftest.c:67:25: error: sys/loadavg.h: No such file or directory
configure:7361: $? = 1
configure: failed program was:
| /* confdefs.h */
| #define PACKAGE_NAME ""
| #define PACKAGE_TARNAME ""
| #define PACKAGE_VERSION ""
| #define PACKAGE_STRING ""
| #define PACKAGE_BUGREPORT ""
| #define PACKAGE_URL ""
| #define STDC_HEADERS 1
| #define HAVE_SYS_TYPES_H 1
| #define HAVE_SYS_STAT_H 1
| #define HAVE_STDLIB_H 1
| #define HAVE_STRING_H 1
| #define HAVE_MEMORY_H 1
| #define HAVE_STRINGS_H 1
| #define HAVE_INTTYPES_H 1
| #define HAVE_STDINT_H 1
| #define HAVE_UNISTD_H 1
| #define __EXTENSIONS__ 1
| #define _ALL_SOURCE 1
| #define _GNU_SOURCE 1
| #define _POSIX_PTHREAD_SEMANTICS 1
| #define _TANDEM_SOURCE 1
| #define STDC_HEADERS 1
| #define HAVE_STRING_H 1
| #define HAVE_LIMITS_H 1
| #define HAVE_UNISTD_H 1
| #define HAVE_SYS_SOCKET_H 1
| #define HAVE_PWD_H 1
| #define HAVE_GRP_H 1
| #define HAVE_STRINGS_H 1
| #define HAVE_SYS_SEM_H 1
| #define HAVE_SYS_SDT_H 1
| /* end confdefs.h.  */
| #include <stdio.h>
| #ifdef HAVE_SYS_TYPES_H
| # include <sys/types.h>
| #endif
| #ifdef HAVE_SYS_STAT_H
| # include <sys/stat.h>
| #endif
| #ifdef STDC_HEADERS
| # include <stdlib.h>
| # include <stddef.h>
| #else
| # ifdef HAVE_STDLIB_H
| #  include <stdlib.h>
| # endif
| #endif
| #ifdef HAVE_STRING_H
| # if !defined STDC_HEADERS && defined HAVE_MEMORY_H
| #  include <memory.h>
| # endif
| # include <string.h>
| #endif
| #ifdef HAVE_STRINGS_H
| # include <strings.h>
| #endif
| #ifdef HAVE_INTTYPES_H
| # include <inttypes.h>
| #endif
| #ifdef HAVE_STDINT_H
| # include <stdint.h>
| #endif
| #ifdef HAVE_UNISTD_H
| # include <unistd.h>
| #endif
| #include <sys/loadavg.h>
configure:7361: result: no
configure:7361: checking sys/loadavg.h presence
configure:7361: gcc -E  -DDARWIN -DSIGPROCMASK_SETS_THREAD_MASK conftest.c
conftest.c:34:25: error: sys/loadavg.h: No such file or directory
configure:7361: $? = 1
configure: failed program was:
| /* confdefs.h */
| #define PACKAGE_NAME ""
| #define PACKAGE_TARNAME ""
| #define PACKAGE_VERSION ""
| #define PACKAGE_STRING ""
| #define PACKAGE_BUGREPORT ""
| #define PACKAGE_URL ""
| #define STDC_HEADERS 1
| #define HAVE_SYS_TYPES_H 1
| #define HAVE_SYS_STAT_H 1
| #define HAVE_STDLIB_H 1
| #define HAVE_STRING_H 1
| #define HAVE_MEMORY_H 1
| #define HAVE_STRINGS_H 1
| #define HAVE_INTTYPES_H 1
| #define HAVE_STDINT_H 1
| #define HAVE_UNISTD_H 1
| #define __EXTENSIONS__ 1
| #define _ALL_SOURCE 1
| #define _GNU_SOURCE 1
| #define _POSIX_PTHREAD_SEMANTICS 1
| #define _TANDEM_SOURCE 1
| #define STDC_HEADERS 1
| #define HAVE_STRING_H 1
| #define HAVE_LIMITS_H 1
| #define HAVE_UNISTD_H 1
| #define HAVE_SYS_SOCKET_H 1
| #define HAVE_PWD_H 1
| #define HAVE_GRP_H 1
| #define HAVE_STRINGS_H 1
| #define HAVE_SYS_SEM_H 1
| #define HAVE_SYS_SDT_H 1
| /* end confdefs.h.  */
| #include <sys/loadavg.h>
configure:7361: result: no
configure:7361: checking for sys/loadavg.h
configure:7361: result: no
configure:7371: checking for sys/wait.h that is POSIX.1 compatible
configure:7397: gcc -std=gnu99 -c    -DDARWIN -DSIGPROCMASK_SETS_THREAD_MASK conftest.c >&5
configure:7397: $? = 0
configure:7404: result: yes
configure:7414: checking for an ANSI C-conforming const
configure:7480: gcc -std=gnu99 -c    -DDARWIN -DSIGPROCMASK_SETS_THREAD_MASK conftest.c >&5
configure:7480: $? = 0
configure:7487: result: yes
configure:7498: checking for library containing sqrt
configure:7529: gcc -std=gnu99 -o conftest    -DDARWIN -DSIGPROCMASK_SETS_THREAD_MASK   conftest.c  >&5
conftest.c:42: warning: conflicting types for built-in function 'sqrt'
configure:7529: $? = 0
configure:7546: result: none required
configure:7563: checking for library containing crypt
configure:7594: gcc -std=gnu99 -o conftest    -DDARWIN -DSIGPROCMASK_SETS_THREAD_MASK   conftest.c  >&5
configure:7594: $? = 0
configure:7611: result: none required
configure:7640: checking for getpwnam
configure:7640: gcc -std=gnu99 -o conftest    -DDARWIN -DSIGPROCMASK_SETS_THREAD_MASK   conftest.c  >&5
configure:7640: $? = 0
configure:7640: result: yes
configure:7640: checking for getgrnam
configure:7640: gcc -std=gnu99 -o conftest    -DDARWIN -DSIGPROCMASK_SETS_THREAD_MASK   conftest.c  >&5
configure:7640: $? = 0
configure:7640: result: yes
configure:7640: checking for initgroups
configure:7640: gcc -std=gnu99 -o conftest    -DDARWIN -DSIGPROCMASK_SETS_THREAD_MASK   conftest.c  >&5
configure:7640: $? = 0
configure:7640: result: yes
configure:7640: checking for bindprocessor
configure:7640: gcc -std=gnu99 -o conftest    -DDARWIN -DSIGPROCMASK_SETS_THREAD_MASK   conftest.c  >&5
Undefined symbols for architecture x86_64:
  "_bindprocessor", referenced from:
      _main in ccJZfnPD.o
ld: symbol(s) not found for architecture x86_64
collect2: ld returned 1 exit status
configure:7640: $? = 1
configure: failed program was:
| /* confdefs.h */
| #define PACKAGE_NAME ""
| #define PACKAGE_TARNAME ""
| #define PACKAGE_VERSION ""
| #define PACKAGE_STRING ""
| #define PACKAGE_BUGREPORT ""
| #define PACKAGE_URL ""
| #define STDC_HEADERS 1
| #define HAVE_SYS_TYPES_H 1
| #define HAVE_SYS_STAT_H 1
| #define HAVE_STDLIB_H 1
| #define HAVE_STRING_H 1
| #define HAVE_MEMORY_H 1
| #define HAVE_STRINGS_H 1
| #define HAVE_INTTYPES_H 1
| #define HAVE_STDINT_H 1
| #define HAVE_UNISTD_H 1
| #define __EXTENSIONS__ 1
| #define _ALL_SOURCE 1
| #define _GNU_SOURCE 1
| #define _POSIX_PTHREAD_SEMANTICS 1
| #define _TANDEM_SOURCE 1
| #define STDC_HEADERS 1
| #define HAVE_STRING_H 1
| #define HAVE_LIMITS_H 1
| #define HAVE_UNISTD_H 1
| #define HAVE_SYS_SOCKET_H 1
| #define HAVE_PWD_H 1
| #define HAVE_GRP_H 1
| #define HAVE_STRINGS_H 1
| #define HAVE_SYS_SEM_H 1
| #define HAVE_SYS_SDT_H 1
| #define HAVE_SYS_WAIT_H 1
| #define HAVE_GETPWNAM 1
| #define HAVE_GETGRNAM 1
| #define HAVE_INITGROUPS 1
| /* end confdefs.h.  */
| /* Define bindprocessor to an innocuous variant, in case <limits.h> declares bindprocessor.
|    For example, HP-UX 11i <limits.h> declares gettimeofday.  */
| #define bindprocessor innocuous_bindprocessor
| 
| /* System header to define __stub macros and hopefully few prototypes,
|     which can conflict with char bindprocessor (); below.
|     Prefer <limits.h> to <assert.h> if __STDC__ is defined, since
|     <limits.h> exists even on freestanding compilers.  */
| 
| #ifdef __STDC__
| # include <limits.h>
| #else
| # include <assert.h>
| #endif
| 
| #undef bindprocessor
| 
| /* Override any GCC internal prototype to avoid an error.
|    Use char because int might match the return type of a GCC
|    builtin and then its argument prototype would still apply.  */
| #ifdef __cplusplus
| extern "C"
| #endif
| char bindprocessor ();
| /* The GNU C library defines this for functions which it implements
|     to always fail with ENOSYS.  Some functions are actually named
|     something starting with __ and the normal name is an alias.  */
| #if defined __stub_bindprocessor || defined __stub___bindprocessor
| choke me
| #endif
| 
| int
| main ()
| {
| return bindprocessor ();
|   ;
|   return 0;
| }
configure:7640: result: no
configure:7640: checking for prctl
configure:7640: gcc -std=gnu99 -o conftest    -DDARWIN -DSIGPROCMASK_SETS_THREAD_MASK   conftest.c  >&5
Undefined symbols for architecture x86_64:
  "_prctl", referenced from:
      _main in ccRDZIE7.o
ld: symbol(s) not found for architecture x86_64
collect2: ld returned 1 exit status
configure:7640: $? = 1
configure: failed program was:
| /* confdefs.h */
| #define PACKAGE_NAME ""
| #define PACKAGE_TARNAME ""
| #define PACKAGE_VERSION ""
| #define PACKAGE_STRING ""
| #define PACKAGE_BUGREPORT ""
| #define PACKAGE_URL ""
| #define STDC_HEADERS 1
| #define HAVE_SYS_TYPES_H 1
| #define HAVE_SYS_STAT_H 1
| #define HAVE_STDLIB_H 1
| #define HAVE_STRING_H 1
| #define HAVE_MEMORY_H 1
| #define HAVE_STRINGS_H 1
| #define HAVE_INTTYPES_H 1
| #define HAVE_STDINT_H 1
| #define HAVE_UNISTD_H 1
| #define __EXTENSIONS__ 1
| #define _ALL_SOURCE 1
| #define _GNU_SOURCE 1
| #define _POSIX_PTHREAD_SEMANTICS 1
| #define _TANDEM_SOURCE 1
| #define STDC_HEADERS 1
| #define HAVE_STRING_H 1
| #define HAVE_LIMITS_H 1
| #define HAVE_UNISTD_H 1
| #define HAVE_SYS_SOCKET_H 1
| #define HAVE_PWD_H 1
| #define HAVE_GRP_H 1
| #define HAVE_STRINGS_H 1
| #define HAVE_SYS_SEM_H 1
| #define HAVE_SYS_SDT_H 1
| #define HAVE_SYS_WAIT_H 1
| #define HAVE_GETPWNAM 1
| #define HAVE_GETGRNAM 1
| #define HAVE_INITGROUPS 1
| /* end confdefs.h.  */
| /* Define prctl to an innocuous variant, in case <limits.h> declares prctl.
|    For example, HP-UX 11i <limits.h> declares gettimeofday.  */
| #define prctl innocuous_prctl
| 
| /* System header to define __stub macros and hopefully few prototypes,
|     which can conflict with char prctl (); below.
|     Prefer <limits.h> to <assert.h> if __STDC__ is defined, since
|     <limits.h> exists even on freestanding compilers.  */
| 
| #ifdef __STDC__
| # include <limits.h>
| #else
| # include <assert.h>
| #endif
| 
| #undef prctl
| 
| /* Override any GCC internal prototype to avoid an error.
|    Use char because int might match the return type of a GCC
|    builtin and then its argument prototype would still apply.  */
| #ifdef __cplusplus
| extern "C"
| #endif
| char prctl ();
| /* The GNU C library defines this for functions which it implements
|     to always fail with ENOSYS.  Some functions are actually named
|     something starting with __ and the normal name is an alias.  */
| #if defined __stub_prctl || defined __stub___prctl
| choke me
| #endif
| 
| int
| main ()
| {
| return prctl ();
|   ;
|   return 0;
| }
configure:7640: result: no
configure:7640: checking for timegm
configure:7640: gcc -std=gnu99 -o conftest    -DDARWIN -DSIGPROCMASK_SETS_THREAD_MASK   conftest.c  >&5
configure:7640: $? = 0
configure:7640: result: yes
configure:7640: checking for getpgid
configure:7640: gcc -std=gnu99 -o conftest    -DDARWIN -DSIGPROCMASK_SETS_THREAD_MASK   conftest.c  >&5
configure:7640: $? = 0
configure:7640: result: yes
configure:7640: checking for fopen64
configure:7640: gcc -std=gnu99 -o conftest    -DDARWIN -DSIGPROCMASK_SETS_THREAD_MASK   conftest.c  >&5
Undefined symbols for architecture x86_64:
  "_fopen64", referenced from:
      _main in ccluKCjB.o
ld: symbol(s) not found for architecture x86_64
collect2: ld returned 1 exit status
configure:7640: $? = 1
configure: failed program was:
| /* confdefs.h */
| #define PACKAGE_NAME ""
| #define PACKAGE_TARNAME ""
| #define PACKAGE_VERSION ""
| #define PACKAGE_STRING ""
| #define PACKAGE_BUGREPORT ""
| #define PACKAGE_URL ""
| #define STDC_HEADERS 1
| #define HAVE_SYS_TYPES_H 1
| #define HAVE_SYS_STAT_H 1
| #define HAVE_STDLIB_H 1
| #define HAVE_STRING_H 1
| #define HAVE_MEMORY_H 1
| #define HAVE_STRINGS_H 1
| #define HAVE_INTTYPES_H 1
| #define HAVE_STDINT_H 1
| #define HAVE_UNISTD_H 1
| #define __EXTENSIONS__ 1
| #define _ALL_SOURCE 1
| #define _GNU_SOURCE 1
| #define _POSIX_PTHREAD_SEMANTICS 1
| #define _TANDEM_SOURCE 1
| #define STDC_HEADERS 1
| #define HAVE_STRING_H 1
| #define HAVE_LIMITS_H 1
| #define HAVE_UNISTD_H 1
| #define HAVE_SYS_SOCKET_H 1
| #define HAVE_PWD_H 1
| #define HAVE_GRP_H 1
| #define HAVE_STRINGS_H 1
| #define HAVE_SYS_SEM_H 1
| #define HAVE_SYS_SDT_H 1
| #define HAVE_SYS_WAIT_H 1
| #define HAVE_GETPWNAM 1
| #define HAVE_GETGRNAM 1
| #define HAVE_INITGROUPS 1
| #define HAVE_TIMEGM 1
| #define HAVE_GETPGID 1
| /* end confdefs.h.  */
| /* Define fopen64 to an innocuous variant, in case <limits.h> declares fopen64.
|    For example, HP-UX 11i <limits.h> declares gettimeofday.  */
| #define fopen64 innocuous_fopen64
| 
| /* System header to define __stub macros and hopefully few prototypes,
|     which can conflict with char fopen64 (); below.
|     Prefer <limits.h> to <assert.h> if __STDC__ is defined, since
|     <limits.h> exists even on freestanding compilers.  */
| 
| #ifdef __STDC__
| # include <limits.h>
| #else
| # include <assert.h>
| #endif
| 
| #undef fopen64
| 
| /* Override any GCC internal prototype to avoid an error.
|    Use char because int might match the return type of a GCC
|    builtin and then its argument prototype would still apply.  */
| #ifdef __cplusplus
| extern "C"
| #endif
| char fopen64 ();
| /* The GNU C library defines this for functions which it implements
|     to always fail with ENOSYS.  Some functions are actually named
|     something starting with __ and the normal name is an alias.  */
| #if defined __stub_fopen64 || defined __stub___fopen64
| choke me
| #endif
| 
| int
| main ()
| {
| return fopen64 ();
|   ;
|   return 0;
| }
configure:7640: result: no
configure:7640: checking for getloadavg
configure:7640: gcc -std=gnu99 -o conftest    -DDARWIN -DSIGPROCMASK_SETS_THREAD_MASK   conftest.c  >&5
configure:7640: $? = 0
configure:7640: result: yes
configure:7652: checking for void pointer length
configure:7668: gcc -std=gnu99 -o conftest    -DDARWIN -DSIGPROCMASK_SETS_THREAD_MASK   conftest.c  >&5
configure:7668: $? = 0
configure:7668: ./conftest
configure:7668: $? = 0
configure:7678: result: no
configure:7686: checking for gettid()
configure:7703: gcc -std=gnu99 -o conftest    -DDARWIN -DSIGPROCMASK_SETS_THREAD_MASK   conftest.c  >&5
conftest.c:41:1: warning: "_GNU_SOURCE" redefined
conftest.c:20:1: warning: this is the location of the previous definition
configure:7703: $? = 0
configure:7703: ./conftest
configure:7703: $? = 1
configure: program exited with status 1
configure: failed program was:
| /* confdefs.h */
| #define PACKAGE_NAME ""
| #define PACKAGE_TARNAME ""
| #define PACKAGE_VERSION ""
| #define PACKAGE_STRING ""
| #define PACKAGE_BUGREPORT ""
| #define PACKAGE_URL ""
| #define STDC_HEADERS 1
| #define HAVE_SYS_TYPES_H 1
| #define HAVE_SYS_STAT_H 1
| #define HAVE_STDLIB_H 1
| #define HAVE_STRING_H 1
| #define HAVE_MEMORY_H 1
| #define HAVE_STRINGS_H 1
| #define HAVE_INTTYPES_H 1
| #define HAVE_STDINT_H 1
| #define HAVE_UNISTD_H 1
| #define __EXTENSIONS__ 1
| #define _ALL_SOURCE 1
| #define _GNU_SOURCE 1
| #define _POSIX_PTHREAD_SEMANTICS 1
| #define _TANDEM_SOURCE 1
| #define STDC_HEADERS 1
| #define HAVE_STRING_H 1
| #define HAVE_LIMITS_H 1
| #define HAVE_UNISTD_H 1
| #define HAVE_SYS_SOCKET_H 1
| #define HAVE_PWD_H 1
| #define HAVE_GRP_H 1
| #define HAVE_STRINGS_H 1
| #define HAVE_SYS_SEM_H 1
| #define HAVE_SYS_SDT_H 1
| #define HAVE_SYS_WAIT_H 1
| #define HAVE_GETPWNAM 1
| #define HAVE_GETGRNAM 1
| #define HAVE_INITGROUPS 1
| #define HAVE_TIMEGM 1
| #define HAVE_GETPGID 1
| #define HAVE_GETLOADAVG 1
| /* end confdefs.h.  */
| #define _GNU_SOURCE
| #include <unistd.h>
| #include <sys/syscall.h>
| #include <sys/types.h>
| int main(int argc, char **argv) {
| pid_t t = syscall(SYS_gettid); return t == -1 ? 1 : 0; }
configure:7713: result: no
configure:7721: checking for tm_gmtoff in struct tm
configure:7738: gcc -std=gnu99 -c    -DDARWIN -DSIGPROCMASK_SETS_THREAD_MASK conftest.c >&5
configure:7738: $? = 0
configure:7745: result: yes
configure:8739: checking whether to enable mod_authn_file
configure:8792: result: shared
configure:8873: checking whether to enable mod_authn_dbm
configure:8926: result: shared (most)
configure:9007: checking whether to enable mod_authn_anon
configure:9060: result: shared (most)
configure:9141: checking whether to enable mod_authn_dbd
configure:9194: result: shared (most)
configure:9275: checking whether to enable mod_authn_socache
configure:9328: result: shared (most)
configure:9410: checking whether to enable mod_authn_core
configure:9463: result: shared
configure:9545: checking whether to enable mod_authz_host
configure:9598: result: shared
configure:9679: checking whether to enable mod_authz_groupfile
configure:9732: result: shared
configure:9813: checking whether to enable mod_authz_user
configure:9866: result: shared
configure:9947: checking whether to enable mod_authz_dbm
configure:10000: result: shared (most)
configure:10081: checking whether to enable mod_authz_owner
configure:10134: result: shared (most)
configure:10215: checking whether to enable mod_authz_dbd
configure:10268: result: shared (most)
configure:10350: checking whether to enable mod_authz_core
configure:10403: result: shared
configure:10485: checking whether to enable mod_authnz_ldap
configure:10536: result: checking dependencies
configure:10541: checking for ldap support in apr/apr-util
configure:10569: result: yes
configure:10607: checking whether to enable mod_authnz_ldap
configure:10617: result: shared (most)
configure:10699: checking whether to enable mod_access_compat
configure:10752: result: shared
configure:10835: checking whether to enable mod_auth_basic
configure:10888: result: shared
configure:10969: checking whether to enable mod_auth_form
configure:11022: result: shared (most)
configure:11103: checking whether to enable mod_auth_digest
configure:11154: result: checking dependencies
configure:11187: checking whether to enable mod_auth_digest
configure:11197: result: shared (most)
configure:11279: checking whether to enable mod_allowmethods
configure:11332: result: shared (most)
configure:11469: checking whether to enable mod_isapi
configure:11522: result: no
configure:11637: checking whether to enable mod_file_cache
configure:11690: result: shared (most)
configure:11783: checking whether to enable mod_cache
configure:11836: result: shared (most)
configure:11917: checking whether to enable mod_cache_disk
configure:11968: result: checking dependencies
configure:11981: checking whether to enable mod_cache_disk
configure:11991: result: shared (most)
configure:12075: checking whether to enable mod_socache_shmcb
configure:12128: result: shared (most)
configure:12209: checking whether to enable mod_socache_dbm
configure:12262: result: shared (most)
configure:12343: checking whether to enable mod_socache_memcache
configure:12396: result: shared (most)
configure:12477: checking whether to enable mod_socache_dc
configure:12843: result: no
configure:13062: checking whether to enable mod_so
configure:13115: result: static
configure:13197: checking whether to enable mod_watchdog
configure:13291: result: no
configure:13427: checking whether to enable mod_dbd
configure:13480: result: shared (most)
configure:13616: checking whether to enable mod_bucketeer
configure:13669: result: no
configure:13750: checking whether to enable mod_dumpio
configure:13803: result: shared (most)
configure:13918: checking whether to enable mod_echo
configure:13971: result: no
configure:14085: checking whether to enable mod_example_hooks
configure:14138: result: no
configure:14219: checking whether to enable mod_case_filter
configure:14272: result: no
configure:14353: checking whether to enable mod_case_filter_in
configure:14406: result: no
configure:14487: checking whether to enable mod_example_ipc
configure:14540: result: no
configure:14687: checking whether to enable mod_buffer
configure:14740: result: shared (most)
configure:14821: checking whether to enable mod_data
configure:14874: result: no
configure:14955: checking whether to enable mod_ratelimit
configure:15008: result: shared (most)
configure:15089: checking whether to enable mod_reqtimeout
configure:15142: result: shared
configure:15223: checking whether to enable mod_ext_filter
configure:15276: result: shared (most)
configure:15357: checking whether to enable mod_request
configure:15410: result: shared (most)
configure:15491: checking whether to enable mod_include
configure:15544: result: shared (most)
configure:15625: checking whether to enable mod_filter
configure:15678: result: shared
configure:15759: checking whether to enable mod_reflector
configure:15812: result: no
configure:15893: checking whether to enable mod_substitute
configure:15946: result: shared (most)
configure:16029: checking whether to enable mod_sed
configure:16080: result: checking dependencies
configure:16111: checking whether to enable mod_sed
configure:16121: result: shared (most)
configure:16341: checking whether to enable mod_charset_lite
configure:16394: result: no
configure:16478: checking whether to enable mod_deflate
configure:16529: result: checking dependencies
configure:16545: checking for zlib location
configure:16566: result: /usr
configure:16727: checking for zlib library
configure:16740: gcc -std=gnu99 -o conftest    -DDARWIN -DSIGPROCMASK_SETS_THREAD_MASK   conftest.c -lz >&5
configure:16740: $? = 0
configure:16741: result: found
configure:16804: checking whether to enable mod_deflate
configure:16814: result: shared (most)
configure:16898: checking whether to enable mod_xml2enc
configure:17047: result: no
configure:17128: checking whether to enable mod_proxy_html
configure:17278: result: no
configure:17422: checking whether to enable mod_http
configure:17475: result: static
configure:17556: checking whether to enable mod_mime
configure:17609: result: shared
configure:17725: checking whether to enable mod_ldap
configure:17776: result: checking dependencies
configure:17781: checking for ldap support in apr/apr-util
configure:17809: result: yes
configure:17847: checking whether to enable mod_ldap
configure:17857: result: shared (most)
configure:17994: checking whether to enable mod_log_config
configure:18047: result: shared
configure:18128: checking whether to enable mod_log_debug
configure:18181: result: shared (most)
configure:18262: checking whether to enable mod_log_forensic
configure:18315: result: no
configure:18422: checking whether to enable mod_logio
configure:18475: result: shared (most)
configure:18615: checking whether to enable mod_lua
configure:19269: result: no
configure:19406: checking whether to enable mod_env
configure:19459: result: shared
configure:19540: checking whether to enable mod_mime_magic
configure:19593: result: no
configure:19674: checking whether to enable mod_cern_meta
configure:19727: result: no
configure:19808: checking whether to enable mod_expires
configure:19861: result: shared (most)
configure:19942: checking whether to enable mod_headers
configure:19995: result: shared
configure:20076: checking whether to enable mod_ident
configure:20129: result: no
configure:20211: checking whether to enable mod_usertrack
configure:20301: result: no
configure:20383: checking whether to enable mod_unique_id
configure:20436: result: shared (most)
configure:20517: checking whether to enable mod_setenvif
configure:20570: result: shared
configure:20651: checking whether to enable mod_version
configure:20704: result: shared
configure:20785: checking whether to enable mod_remoteip
configure:20838: result: shared (most)
configure:20961: checking whether to enable mod_proxy
configure:21014: result: shared (most)
configure:21120: checking whether to enable mod_proxy_connect
configure:21171: result: checking dependencies
configure:21184: checking whether to enable mod_proxy_connect
configure:21194: result: shared (most)
configure:21275: checking whether to enable mod_proxy_ftp
configure:21326: result: checking dependencies
configure:21339: checking whether to enable mod_proxy_ftp
configure:21349: result: shared (most)
configure:21430: checking whether to enable mod_proxy_http
configure:21481: result: checking dependencies
configure:21494: checking whether to enable mod_proxy_http
configure:21504: result: shared (most)
configure:21585: checking whether to enable mod_proxy_fcgi
configure:21636: result: checking dependencies
configure:21649: checking whether to enable mod_proxy_fcgi
configure:21659: result: shared (most)
configure:21740: checking whether to enable mod_proxy_scgi
configure:21791: result: checking dependencies
configure:21804: checking whether to enable mod_proxy_scgi
configure:21814: result: shared (most)
configure:21895: checking whether to enable mod_proxy_fdpass
configure:21984: result: no
configure:22065: checking whether to enable mod_proxy_ajp
configure:22116: result: checking dependencies
configure:22129: checking whether to enable mod_proxy_ajp
configure:22139: result: shared (most)
configure:22220: checking whether to enable mod_proxy_balancer
configure:22271: result: checking dependencies
configure:22284: checking whether to enable mod_proxy_balancer
configure:22294: result: shared (most)
configure:22376: checking whether to enable mod_proxy_express
configure:22427: result: checking dependencies
configure:22440: checking whether to enable mod_proxy_express
configure:22450: result: shared (most)
configure:22609: checking whether to enable mod_session
configure:22662: result: shared (most)
configure:22743: checking whether to enable mod_session_cookie
configure:22794: result: checking dependencies
configure:22807: checking whether to enable mod_session_cookie
configure:22817: result: shared (most)
configure:22921: gcc -std=gnu99 -c    -DDARWIN -DSIGPROCMASK_SETS_THREAD_MASK  -I/usr/include/apr-1   -I/usr/include/apr-1  conftest.c >&5
conftest.c:42:24: error: apr_crypto.h: No such file or directory
conftest.c:48:2: error: #error no crypto support
configure:22921: $? = 1
configure: failed program was:
| /* confdefs.h */
| #define PACKAGE_NAME ""
| #define PACKAGE_TARNAME ""
| #define PACKAGE_VERSION ""
| #define PACKAGE_STRING ""
| #define PACKAGE_BUGREPORT ""
| #define PACKAGE_URL ""
| #define STDC_HEADERS 1
| #define HAVE_SYS_TYPES_H 1
| #define HAVE_SYS_STAT_H 1
| #define HAVE_STDLIB_H 1
| #define HAVE_STRING_H 1
| #define HAVE_MEMORY_H 1
| #define HAVE_STRINGS_H 1
| #define HAVE_INTTYPES_H 1
| #define HAVE_STDINT_H 1
| #define HAVE_UNISTD_H 1
| #define __EXTENSIONS__ 1
| #define _ALL_SOURCE 1
| #define _GNU_SOURCE 1
| #define _POSIX_PTHREAD_SEMANTICS 1
| #define _TANDEM_SOURCE 1
| #define STDC_HEADERS 1
| #define HAVE_STRING_H 1
| #define HAVE_LIMITS_H 1
| #define HAVE_UNISTD_H 1
| #define HAVE_SYS_SOCKET_H 1
| #define HAVE_PWD_H 1
| #define HAVE_GRP_H 1
| #define HAVE_STRINGS_H 1
| #define HAVE_SYS_SEM_H 1
| #define HAVE_SYS_SDT_H 1
| #define HAVE_SYS_WAIT_H 1
| #define HAVE_GETPWNAM 1
| #define HAVE_GETGRNAM 1
| #define HAVE_INITGROUPS 1
| #define HAVE_TIMEGM 1
| #define HAVE_GETPGID 1
| #define HAVE_GETLOADAVG 1
| #define HAVE_GMTOFF 1
| /* end confdefs.h.  */
| #include <apr_crypto.h>
| int
| main ()
| {
| 
| #if APU_HAVE_CRYPTO == 0
| #error no crypto support
| #endif
| 
|   ;
|   return 0;
| }
configure:22929: WARNING: Your APR does not include SSL/EVP support. To enable it: configure --with-crypto
configure:22938: checking whether to enable mod_session_crypto
configure:23016: result: no
configure:23098: checking whether to enable mod_session_dbd
configure:23149: result: checking dependencies
configure:23162: checking whether to enable mod_session_dbd
configure:23172: result: shared (most)
configure:23310: checking whether to enable mod_slotmem_shm
configure:23363: result: shared (most)
configure:23444: checking whether to enable mod_slotmem_plain
configure:23497: result: no
configure:23612: checking whether to enable mod_ssl
configure:23663: result: checking dependencies
configure:23668: checking for OpenSSL
configure:23679: checking for user-provided OpenSSL base directory
configure:23692: result: none
configure:24028: checking for OpenSSL version >= 0.9.7
configure:24047: gcc -std=gnu99 -c    -DDARWIN -DSIGPROCMASK_SETS_THREAD_MASK conftest.c >&5
configure:24047: $? = 0
configure:24048: result: OK
configure:24117: checking openssl/engine.h usability
configure:24117: gcc -std=gnu99 -c    -DDARWIN -DSIGPROCMASK_SETS_THREAD_MASK conftest.c >&5
configure:24117: $? = 0
configure:24117: result: yes
configure:24117: checking openssl/engine.h presence
configure:24117: gcc -E  -DDARWIN -DSIGPROCMASK_SETS_THREAD_MASK conftest.c
configure:24117: $? = 0
configure:24117: result: yes
configure:24117: checking for openssl/engine.h
configure:24117: result: yes
configure:24130: checking for SSLeay_version
configure:24130: gcc -std=gnu99 -o conftest    -DDARWIN -DSIGPROCMASK_SETS_THREAD_MASK   conftest.c -lssl -lcrypto  -lpthread >&5
configure:24130: $? = 0
configure:24130: result: yes
configure:24130: checking for SSL_CTX_new
configure:24130: gcc -std=gnu99 -o conftest    -DDARWIN -DSIGPROCMASK_SETS_THREAD_MASK   conftest.c -lssl -lcrypto  -lpthread >&5
configure:24130: $? = 0
configure:24130: result: yes
configure:24144: checking for ENGINE_init
configure:24144: gcc -std=gnu99 -o conftest    -DDARWIN -DSIGPROCMASK_SETS_THREAD_MASK   conftest.c -lssl -lcrypto  -lpthread >&5
configure:24144: $? = 0
configure:24144: result: yes
configure:24144: checking for ENGINE_load_builtin_engines
configure:24144: gcc -std=gnu99 -o conftest    -DDARWIN -DSIGPROCMASK_SETS_THREAD_MASK   conftest.c -lssl -lcrypto  -lpthread >&5
configure:24144: $? = 0
configure:24144: result: yes
configure:24167: result: yes
configure:24206: checking whether to enable mod_ssl
configure:24216: result: shared (most)
configure:24354: checking whether to enable mod_optional_hook_export
configure:24407: result: no
configure:24488: checking whether to enable mod_optional_hook_import
configure:24541: result: no
configure:24622: checking whether to enable mod_optional_fn_import
configure:24675: result: no
configure:24756: checking whether to enable mod_optional_fn_export
configure:24809: result: no
configure:24891: checking whether to enable mod_dialup
configure:24944: result: no
configure:25066: checking for target platform
configure:25091: result: unix
configure:25123: checking for rlim_t
configure:25144: gcc -std=gnu99 -c    -DDARWIN -DSIGPROCMASK_SETS_THREAD_MASK conftest.c >&5
configure:25144: $? = 0
configure:25155: result: yes
configure:25167: checking sys/time.h usability
configure:25167: gcc -std=gnu99 -c    -DDARWIN -DSIGPROCMASK_SETS_THREAD_MASK conftest.c >&5
configure:25167: $? = 0
configure:25167: result: yes
configure:25167: checking sys/time.h presence
configure:25167: gcc -E  -DDARWIN -DSIGPROCMASK_SETS_THREAD_MASK conftest.c
configure:25167: $? = 0
configure:25167: result: yes
configure:25167: checking for sys/time.h
configure:25167: result: yes
configure:25167: checking sys/resource.h usability
configure:25167: gcc -std=gnu99 -c    -DDARWIN -DSIGPROCMASK_SETS_THREAD_MASK conftest.c >&5
configure:25167: $? = 0
configure:25167: result: yes
configure:25167: checking sys/resource.h presence
configure:25167: gcc -E  -DDARWIN -DSIGPROCMASK_SETS_THREAD_MASK conftest.c
configure:25167: $? = 0
configure:25167: result: yes
configure:25167: checking for sys/resource.h
configure:25167: result: yes
configure:25167: checking for sys/sem.h
configure:25167: result: yes
configure:25167: checking sys/ipc.h usability
configure:25167: gcc -std=gnu99 -c    -DDARWIN -DSIGPROCMASK_SETS_THREAD_MASK conftest.c >&5
configure:25167: $? = 0
configure:25167: result: yes
configure:25167: checking sys/ipc.h presence
configure:25167: gcc -E  -DDARWIN -DSIGPROCMASK_SETS_THREAD_MASK conftest.c
configure:25167: $? = 0
configure:25167: result: yes
configure:25167: checking for sys/ipc.h
configure:25167: result: yes
configure:25181: checking for setsid
configure:25181: gcc -std=gnu99 -o conftest    -DDARWIN -DSIGPROCMASK_SETS_THREAD_MASK   conftest.c  >&5
configure:25181: $? = 0
configure:25181: result: yes
configure:25181: checking for killpg
configure:25181: gcc -std=gnu99 -o conftest    -DDARWIN -DSIGPROCMASK_SETS_THREAD_MASK   conftest.c  >&5
configure:25181: $? = 0
configure:25181: result: yes
configure:25197: checking bstring.h usability
configure:25197: gcc -std=gnu99 -c    -DDARWIN -DSIGPROCMASK_SETS_THREAD_MASK conftest.c >&5
conftest.c:87:21: error: bstring.h: No such file or directory
configure:25197: $? = 1
configure: failed program was:
| /* confdefs.h */
| #define PACKAGE_NAME ""
| #define PACKAGE_TARNAME ""
| #define PACKAGE_VERSION ""
| #define PACKAGE_STRING ""
| #define PACKAGE_BUGREPORT ""
| #define PACKAGE_URL ""
| #define STDC_HEADERS 1
| #define HAVE_SYS_TYPES_H 1
| #define HAVE_SYS_STAT_H 1
| #define HAVE_STDLIB_H 1
| #define HAVE_STRING_H 1
| #define HAVE_MEMORY_H 1
| #define HAVE_STRINGS_H 1
| #define HAVE_INTTYPES_H 1
| #define HAVE_STDINT_H 1
| #define HAVE_UNISTD_H 1
| #define __EXTENSIONS__ 1
| #define _ALL_SOURCE 1
| #define _GNU_SOURCE 1
| #define _POSIX_PTHREAD_SEMANTICS 1
| #define _TANDEM_SOURCE 1
| #define STDC_HEADERS 1
| #define HAVE_STRING_H 1
| #define HAVE_LIMITS_H 1
| #define HAVE_UNISTD_H 1
| #define HAVE_SYS_SOCKET_H 1
| #define HAVE_PWD_H 1
| #define HAVE_GRP_H 1
| #define HAVE_STRINGS_H 1
| #define HAVE_SYS_SEM_H 1
| #define HAVE_SYS_SDT_H 1
| #define HAVE_SYS_WAIT_H 1
| #define HAVE_GETPWNAM 1
| #define HAVE_GETGRNAM 1
| #define HAVE_INITGROUPS 1
| #define HAVE_TIMEGM 1
| #define HAVE_GETPGID 1
| #define HAVE_GETLOADAVG 1
| #define HAVE_GMTOFF 1
| #define HAVE_OPENSSL_ENGINE_H 1
| #define HAVE_SSLEAY_VERSION 1
| #define HAVE_SSL_CTX_NEW 1
| #define HAVE_ENGINE_INIT 1
| #define HAVE_ENGINE_LOAD_BUILTIN_ENGINES 1
| #define HAVE_OPENSSL 1
| #define HAVE_SYS_TIME_H 1
| #define HAVE_SYS_RESOURCE_H 1
| #define HAVE_SYS_SEM_H 1
| #define HAVE_SYS_IPC_H 1
| #define HAVE_SETSID 1
| #define HAVE_KILLPG 1
| /* end confdefs.h.  */
| #include <stdio.h>
| #ifdef HAVE_SYS_TYPES_H
| # include <sys/types.h>
| #endif
| #ifdef HAVE_SYS_STAT_H
| # include <sys/stat.h>
| #endif
| #ifdef STDC_HEADERS
| # include <stdlib.h>
| # include <stddef.h>
| #else
| # ifdef HAVE_STDLIB_H
| #  include <stdlib.h>
| # endif
| #endif
| #ifdef HAVE_STRING_H
| # if !defined STDC_HEADERS && defined HAVE_MEMORY_H
| #  include <memory.h>
| # endif
| # include <string.h>
| #endif
| #ifdef HAVE_STRINGS_H
| # include <strings.h>
| #endif
| #ifdef HAVE_INTTYPES_H
| # include <inttypes.h>
| #endif
| #ifdef HAVE_STDINT_H
| # include <stdint.h>
| #endif
| #ifdef HAVE_UNISTD_H
| # include <unistd.h>
| #endif
| #include <bstring.h>
configure:25197: result: no
configure:25197: checking bstring.h presence
configure:25197: gcc -E  -DDARWIN -DSIGPROCMASK_SETS_THREAD_MASK conftest.c
conftest.c:54:21: error: bstring.h: No such file or directory
configure:25197: $? = 1
configure: failed program was:
| /* confdefs.h */
| #define PACKAGE_NAME ""
| #define PACKAGE_TARNAME ""
| #define PACKAGE_VERSION ""
| #define PACKAGE_STRING ""
| #define PACKAGE_BUGREPORT ""
| #define PACKAGE_URL ""
| #define STDC_HEADERS 1
| #define HAVE_SYS_TYPES_H 1
| #define HAVE_SYS_STAT_H 1
| #define HAVE_STDLIB_H 1
| #define HAVE_STRING_H 1
| #define HAVE_MEMORY_H 1
| #define HAVE_STRINGS_H 1
| #define HAVE_INTTYPES_H 1
| #define HAVE_STDINT_H 1
| #define HAVE_UNISTD_H 1
| #define __EXTENSIONS__ 1
| #define _ALL_SOURCE 1
| #define _GNU_SOURCE 1
| #define _POSIX_PTHREAD_SEMANTICS 1
| #define _TANDEM_SOURCE 1
| #define STDC_HEADERS 1
| #define HAVE_STRING_H 1
| #define HAVE_LIMITS_H 1
| #define HAVE_UNISTD_H 1
| #define HAVE_SYS_SOCKET_H 1
| #define HAVE_PWD_H 1
| #define HAVE_GRP_H 1
| #define HAVE_STRINGS_H 1
| #define HAVE_SYS_SEM_H 1
| #define HAVE_SYS_SDT_H 1
| #define HAVE_SYS_WAIT_H 1
| #define HAVE_GETPWNAM 1
| #define HAVE_GETGRNAM 1
| #define HAVE_INITGROUPS 1
| #define HAVE_TIMEGM 1
| #define HAVE_GETPGID 1
| #define HAVE_GETLOADAVG 1
| #define HAVE_GMTOFF 1
| #define HAVE_OPENSSL_ENGINE_H 1
| #define HAVE_SSLEAY_VERSION 1
| #define HAVE_SSL_CTX_NEW 1
| #define HAVE_ENGINE_INIT 1
| #define HAVE_ENGINE_LOAD_BUILTIN_ENGINES 1
| #define HAVE_OPENSSL 1
| #define HAVE_SYS_TIME_H 1
| #define HAVE_SYS_RESOURCE_H 1
| #define HAVE_SYS_SEM_H 1
| #define HAVE_SYS_IPC_H 1
| #define HAVE_SETSID 1
| #define HAVE_KILLPG 1
| /* end confdefs.h.  */
| #include <bstring.h>
configure:25197: result: no
configure:25197: checking for bstring.h
configure:25197: result: no
configure:25197: checking for unistd.h
configure:25197: result: yes
configure:25212: checking for syslog
configure:25212: gcc -std=gnu99 -o conftest    -DDARWIN -DSIGPROCMASK_SETS_THREAD_MASK   conftest.c  >&5
configure:25212: $? = 0
configure:25212: result: yes
configure:25224: checking sys/times.h usability
configure:25224: gcc -std=gnu99 -c    -DDARWIN -DSIGPROCMASK_SETS_THREAD_MASK conftest.c >&5
configure:25224: $? = 0
configure:25224: result: yes
configure:25224: checking sys/times.h presence
configure:25224: gcc -E  -DDARWIN -DSIGPROCMASK_SETS_THREAD_MASK conftest.c
configure:25224: $? = 0
configure:25224: result: yes
configure:25224: checking for sys/times.h
configure:25224: result: yes
configure:25236: checking for times
configure:25236: gcc -std=gnu99 -o conftest    -DDARWIN -DSIGPROCMASK_SETS_THREAD_MASK   conftest.c  >&5
configure:25236: $? = 0
configure:25236: result: yes
configure:25305: checking whether APR supports thread-safe pollsets
configure:25324: checking for kqueue
configure:25324: gcc -std=gnu99 -o conftest    -DDARWIN -DSIGPROCMASK_SETS_THREAD_MASK   conftest.c  >&5
configure:25324: $? = 0
configure:25324: result: yes
configure:25324: checking for port_create
configure:25324: gcc -std=gnu99 -o conftest    -DDARWIN -DSIGPROCMASK_SETS_THREAD_MASK   conftest.c  >&5
Undefined symbols for architecture x86_64:
  "_port_create", referenced from:
      _main in ccRpb6OV.o
ld: symbol(s) not found for architecture x86_64
collect2: ld returned 1 exit status
configure:25324: $? = 1
configure: failed program was:
| /* confdefs.h */
| #define PACKAGE_NAME ""
| #define PACKAGE_TARNAME ""
| #define PACKAGE_VERSION ""
| #define PACKAGE_STRING ""
| #define PACKAGE_BUGREPORT ""
| #define PACKAGE_URL ""
| #define STDC_HEADERS 1
| #define HAVE_SYS_TYPES_H 1
| #define HAVE_SYS_STAT_H 1
| #define HAVE_STDLIB_H 1
| #define HAVE_STRING_H 1
| #define HAVE_MEMORY_H 1
| #define HAVE_STRINGS_H 1
| #define HAVE_INTTYPES_H 1
| #define HAVE_STDINT_H 1
| #define HAVE_UNISTD_H 1
| #define __EXTENSIONS__ 1
| #define _ALL_SOURCE 1
| #define _GNU_SOURCE 1
| #define _POSIX_PTHREAD_SEMANTICS 1
| #define _TANDEM_SOURCE 1
| #define STDC_HEADERS 1
| #define HAVE_STRING_H 1
| #define HAVE_LIMITS_H 1
| #define HAVE_UNISTD_H 1
| #define HAVE_SYS_SOCKET_H 1
| #define HAVE_PWD_H 1
| #define HAVE_GRP_H 1
| #define HAVE_STRINGS_H 1
| #define HAVE_SYS_SEM_H 1
| #define HAVE_SYS_SDT_H 1
| #define HAVE_SYS_WAIT_H 1
| #define HAVE_GETPWNAM 1
| #define HAVE_GETGRNAM 1
| #define HAVE_INITGROUPS 1
| #define HAVE_TIMEGM 1
| #define HAVE_GETPGID 1
| #define HAVE_GETLOADAVG 1
| #define HAVE_GMTOFF 1
| #define HAVE_OPENSSL_ENGINE_H 1
| #define HAVE_SSLEAY_VERSION 1
| #define HAVE_SSL_CTX_NEW 1
| #define HAVE_ENGINE_INIT 1
| #define HAVE_ENGINE_LOAD_BUILTIN_ENGINES 1
| #define HAVE_OPENSSL 1
| #define HAVE_SYS_TIME_H 1
| #define HAVE_SYS_RESOURCE_H 1
| #define HAVE_SYS_SEM_H 1
| #define HAVE_SYS_IPC_H 1
| #define HAVE_SETSID 1
| #define HAVE_KILLPG 1
| #define HAVE_UNISTD_H 1
| #define HAVE_SYSLOG 1
| #define HAVE_SYS_TIMES_H 1
| #define HAVE_TIMES 1
| #define HAVE_KQUEUE 1
| /* end confdefs.h.  */
| /* Define port_create to an innocuous variant, in case <limits.h> declares port_create.
|    For example, HP-UX 11i <limits.h> declares gettimeofday.  */
| #define port_create innocuous_port_create
| 
| /* System header to define __stub macros and hopefully few prototypes,
|     which can conflict with char port_create (); below.
|     Prefer <limits.h> to <assert.h> if __STDC__ is defined, since
|     <limits.h> exists even on freestanding compilers.  */
| 
| #ifdef __STDC__
| # include <limits.h>
| #else
| # include <assert.h>
| #endif
| 
| #undef port_create
| 
| /* Override any GCC internal prototype to avoid an error.
|    Use char because int might match the return type of a GCC
|    builtin and then its argument prototype would still apply.  */
| #ifdef __cplusplus
| extern "C"
| #endif
| char port_create ();
| /* The GNU C library defines this for functions which it implements
|     to always fail with ENOSYS.  Some functions are actually named
|     something starting with __ and the normal name is an alias.  */
| #if defined __stub_port_create || defined __stub___port_create
| choke me
| #endif
| 
| int
| main ()
| {
| return port_create ();
|   ;
|   return 0;
| }
configure:25324: result: no
configure:25324: checking for epoll_create
configure:25324: gcc -std=gnu99 -o conftest    -DDARWIN -DSIGPROCMASK_SETS_THREAD_MASK   conftest.c  >&5
Undefined symbols for architecture x86_64:
  "_epoll_create", referenced from:
      _main in ccFaR4MO.o
ld: symbol(s) not found for architecture x86_64
collect2: ld returned 1 exit status
configure:25324: $? = 1
configure: failed program was:
| /* confdefs.h */
| #define PACKAGE_NAME ""
| #define PACKAGE_TARNAME ""
| #define PACKAGE_VERSION ""
| #define PACKAGE_STRING ""
| #define PACKAGE_BUGREPORT ""
| #define PACKAGE_URL ""
| #define STDC_HEADERS 1
| #define HAVE_SYS_TYPES_H 1
| #define HAVE_SYS_STAT_H 1
| #define HAVE_STDLIB_H 1
| #define HAVE_STRING_H 1
| #define HAVE_MEMORY_H 1
| #define HAVE_STRINGS_H 1
| #define HAVE_INTTYPES_H 1
| #define HAVE_STDINT_H 1
| #define HAVE_UNISTD_H 1
| #define __EXTENSIONS__ 1
| #define _ALL_SOURCE 1
| #define _GNU_SOURCE 1
| #define _POSIX_PTHREAD_SEMANTICS 1
| #define _TANDEM_SOURCE 1
| #define STDC_HEADERS 1
| #define HAVE_STRING_H 1
| #define HAVE_LIMITS_H 1
| #define HAVE_UNISTD_H 1
| #define HAVE_SYS_SOCKET_H 1
| #define HAVE_PWD_H 1
| #define HAVE_GRP_H 1
| #define HAVE_STRINGS_H 1
| #define HAVE_SYS_SEM_H 1
| #define HAVE_SYS_SDT_H 1
| #define HAVE_SYS_WAIT_H 1
| #define HAVE_GETPWNAM 1
| #define HAVE_GETGRNAM 1
| #define HAVE_INITGROUPS 1
| #define HAVE_TIMEGM 1
| #define HAVE_GETPGID 1
| #define HAVE_GETLOADAVG 1
| #define HAVE_GMTOFF 1
| #define HAVE_OPENSSL_ENGINE_H 1
| #define HAVE_SSLEAY_VERSION 1
| #define HAVE_SSL_CTX_NEW 1
| #define HAVE_ENGINE_INIT 1
| #define HAVE_ENGINE_LOAD_BUILTIN_ENGINES 1
| #define HAVE_OPENSSL 1
| #define HAVE_SYS_TIME_H 1
| #define HAVE_SYS_RESOURCE_H 1
| #define HAVE_SYS_SEM_H 1
| #define HAVE_SYS_IPC_H 1
| #define HAVE_SETSID 1
| #define HAVE_KILLPG 1
| #define HAVE_UNISTD_H 1
| #define HAVE_SYSLOG 1
| #define HAVE_SYS_TIMES_H 1
| #define HAVE_TIMES 1
| #define HAVE_KQUEUE 1
| /* end confdefs.h.  */
| /* Define epoll_create to an innocuous variant, in case <limits.h> declares epoll_create.
|    For example, HP-UX 11i <limits.h> declares gettimeofday.  */
| #define epoll_create innocuous_epoll_create
| 
| /* System header to define __stub macros and hopefully few prototypes,
|     which can conflict with char epoll_create (); below.
|     Prefer <limits.h> to <assert.h> if __STDC__ is defined, since
|     <limits.h> exists even on freestanding compilers.  */
| 
| #ifdef __STDC__
| # include <limits.h>
| #else
| # include <assert.h>
| #endif
| 
| #undef epoll_create
| 
| /* Override any GCC internal prototype to avoid an error.
|    Use char because int might match the return type of a GCC
|    builtin and then its argument prototype would still apply.  */
| #ifdef __cplusplus
| extern "C"
| #endif
| char epoll_create ();
| /* The GNU C library defines this for functions which it implements
|     to always fail with ENOSYS.  Some functions are actually named
|     something starting with __ and the normal name is an alias.  */
| #if defined __stub_epoll_create || defined __stub___epoll_create
| choke me
| #endif
| 
| int
| main ()
| {
| return epoll_create ();
|   ;
|   return 0;
| }
configure:25324: result: no
configure:25340: result: yes
configure:25399: checking if event MPM supports this platform
configure:25414: result: yes
configure:25429: checking if mpmt_os2 MPM supports this platform
configure:25448: result: no
configure:25453: checking if prefork MPM supports this platform
configure:25459: result: yes
configure:25474: checking if WinNT MPM supports this platform
configure:25493: result: no
configure:25498: checking if worker MPM supports this platform
configure:25510: result: yes
configure:26360: checking whether to enable mod_lbmethod_byrequests
configure:26413: result: shared (most)
configure:26494: checking whether to enable mod_lbmethod_bytraffic
configure:26547: result: shared (most)
configure:26628: checking whether to enable mod_lbmethod_bybusyness
configure:26681: result: shared (most)
configure:26762: checking whether to enable mod_lbmethod_heartbeat
configure:26815: result: shared (most)
configure:26915: checking which MPM to use by default
configure:26937: result: event
configure:27120: checking for pthread_kill
configure:27120: gcc -std=gnu99 -o conftest    -DDARWIN -DSIGPROCMASK_SETS_THREAD_MASK   conftest.c  >&5
configure:27120: $? = 0
configure:27120: result: yes
configure:27382: checking whether to enable mod_unixd
configure:27435: result: shared
configure:27516: checking whether to enable mod_privileges
configure:27602: result: no
configure:27749: checking whether to enable mod_heartbeat
configure:27823: result: no
configure:27904: checking whether to enable mod_heartmonitor
configure:27957: result: no
configure:28079: checking whether to enable mod_dav
configure:28132: result: shared (most)
configure:28273: checking whether to enable mod_status
configure:28326: result: shared
configure:28407: checking whether to enable mod_autoindex
configure:28460: result: shared
configure:28541: checking whether to enable mod_asis
configure:28594: result: no
configure:28675: checking whether to enable mod_info
configure:28728: result: shared (most)
configure:28809: checking whether to enable mod_suexec
configure:28876: result: no
configure:28973: checking whether to enable mod_cgid
configure:29024: result: checking dependencies
configure:29066: checking whether to enable mod_cgid
configure:29076: result: shared (most)
configure:29157: checking whether to enable mod_cgi
configure:29210: result: no
configure:29725: checking whether to enable mod_dav_fs
configure:29776: result: checking dependencies
configure:29789: checking whether to enable mod_dav_fs
configure:29799: result: shared (most)
configure:29923: checking whether to enable mod_dav_lock
configure:29997: result: no
configure:30097: checking for extra modules
configure:30156: result: none
configure:30177: checking whether to enable mod_vhost_alias
configure:30230: result: shared (most)
configure:30311: checking whether to enable mod_negotiation
configure:30364: result: shared (most)
configure:30445: checking whether to enable mod_dir
configure:30498: result: shared
configure:30579: checking whether to enable mod_imagemap
configure:30632: result: no
configure:30713: checking whether to enable mod_actions
configure:30766: result: shared (most)
configure:30847: checking whether to enable mod_speling
configure:30900: result: shared (most)
configure:30981: checking whether to enable mod_userdir
configure:31034: result: shared (most)
configure:31115: checking whether to enable mod_alias
configure:31168: result: shared
configure:31249: checking whether to enable mod_rewrite
configure:31302: result: shared (most)
configure:31812: 
configure:31814: Restore user-defined environment settings...
configure:31816: 
configure:31934: 
configure:31936: Construct makefiles and header files...
configure:31938: 
configure:32249: creating config_vars.mk
configure:32432: creating ./config.status

## ---------------------- ##
## Running config.status. ##
## ---------------------- ##

This file was extended by config.status, which was
generated by GNU Autoconf 2.69.  Invocation command line was

  CONFIG_FILES    = 
  CONFIG_HEADERS  = 
  CONFIG_LINKS    = 
  CONFIG_COMMANDS = 
  $ ./config.status 

on Chirag-Sanghvis-MacBook.local

config.status:1177: creating docs/conf/httpd.conf
config.status:1177: creating docs/conf/extra/httpd-autoindex.conf
config.status:1177: creating docs/conf/extra/httpd-dav.conf
config.status:1177: creating docs/conf/extra/httpd-default.conf
config.status:1177: creating docs/conf/extra/httpd-info.conf
config.status:1177: creating docs/conf/extra/httpd-languages.conf
config.status:1177: creating docs/conf/extra/httpd-manual.conf
config.status:1177: creating docs/conf/extra/httpd-mpm.conf
config.status:1177: creating docs/conf/extra/httpd-multilang-errordoc.conf
config.status:1177: creating docs/conf/extra/httpd-ssl.conf
config.status:1177: creating docs/conf/extra/httpd-userdir.conf
config.status:1177: creating docs/conf/extra/httpd-vhosts.conf
config.status:1177: creating docs/conf/extra/proxy-html.conf
config.status:1177: creating include/ap_config_layout.h
config.status:1177: creating support/apxs
config.status:1177: creating support/apachectl
config.status:1177: creating support/dbmmanage
config.status:1177: creating support/envvars-std
config.status:1177: creating support/log_server_status
config.status:1177: creating support/logresolve.pl
config.status:1177: creating support/phf_abuse_log.cgi
config.status:1177: creating support/split-logfile
config.status:1177: creating build/rules.mk
config.status:1177: creating build/pkg/pkginfo
config.status:1177: creating build/config_vars.sh
config.status:1177: creating include/ap_config_auto.h
config.status:1361: executing default commands

## ---------------- ##
## Cache variables. ##
## ---------------- ##

ac_cv_APR_HAS_LDAP=yes
ac_cv_build=x86_64-apple-darwin11.4.2
ac_cv_c_compiler_gnu=yes
ac_cv_c_const=yes
ac_cv_define_APR_HAS_DSO=yes
ac_cv_define_APR_HAS_RANDOM=yes
ac_cv_define_APR_HAS_THREADS=yes
ac_cv_define_APR_HAVE_IPV6=yes
ac_cv_env_CC_set=
ac_cv_env_CC_value=
ac_cv_env_CFLAGS_set=
ac_cv_env_CFLAGS_value=
ac_cv_env_CPPFLAGS_set=
ac_cv_env_CPPFLAGS_value=
ac_cv_env_CPP_set=
ac_cv_env_CPP_value=
ac_cv_env_LDFLAGS_set=
ac_cv_env_LDFLAGS_value=
ac_cv_env_LIBS_set=
ac_cv_env_LIBS_value=
ac_cv_env_build_alias_set=
ac_cv_env_build_alias_value=
ac_cv_env_host_alias_set=
ac_cv_env_host_alias_value=
ac_cv_env_target_alias_set=
ac_cv_env_target_alias_value=
ac_cv_func_ENGINE_init=yes
ac_cv_func_ENGINE_load_builtin_engines=yes
ac_cv_func_SSL_CTX_new=yes
ac_cv_func_SSLeay_version=yes
ac_cv_func_bindprocessor=no
ac_cv_func_epoll_create=no
ac_cv_func_fopen64=no
ac_cv_func_getgrnam=yes
ac_cv_func_getloadavg=yes
ac_cv_func_getpgid=yes
ac_cv_func_getpwnam=yes
ac_cv_func_initgroups=yes
ac_cv_func_killpg=yes
ac_cv_func_kqueue=yes
ac_cv_func_port_create=no
ac_cv_func_prctl=no
ac_cv_func_pthread_kill=yes
ac_cv_func_setsid=yes
ac_cv_func_syslog=yes
ac_cv_func_timegm=yes
ac_cv_func_times=yes
ac_cv_gettid=no
ac_cv_have_threadsafe_pollset=yes
ac_cv_header_bstring_h=no
ac_cv_header_grp_h=yes
ac_cv_header_inttypes_h=yes
ac_cv_header_limits_h=yes
ac_cv_header_memory_h=yes
ac_cv_header_minix_config_h=no
ac_cv_header_openssl_engine_h=yes
ac_cv_header_pwd_h=yes
ac_cv_header_stdc=yes
ac_cv_header_stdint_h=yes
ac_cv_header_stdlib_h=yes
ac_cv_header_string_h=yes
ac_cv_header_strings_h=yes
ac_cv_header_sys_ipc_h=yes
ac_cv_header_sys_loadavg_h=no
ac_cv_header_sys_prctl_h=no
ac_cv_header_sys_processor_h=no
ac_cv_header_sys_resource_h=yes
ac_cv_header_sys_sdt_h=yes
ac_cv_header_sys_sem_h=yes
ac_cv_header_sys_socket_h=yes
ac_cv_header_sys_stat_h=yes
ac_cv_header_sys_time_h=yes
ac_cv_header_sys_times_h=yes
ac_cv_header_sys_types_h=yes
ac_cv_header_sys_wait_h=yes
ac_cv_header_unistd_h=yes
ac_cv_host=x86_64-apple-darwin11.4.2
ac_cv_mkdir_p=yes
ac_cv_objext=o
ac_cv_openssl=yes
ac_cv_path_EGREP='/usr/bin/grep -E'
ac_cv_path_GREP=/usr/bin/grep
ac_cv_path_PCRE_CONFIG=/usr/local/bin/pcre-config
ac_cv_path_RM=/bin/rm
ac_cv_path_RSYNC=/usr/bin/rsync
ac_cv_prog_AWK=awk
ac_cv_prog_CPP='gcc -E'
ac_cv_prog_ac_ct_CC=gcc
ac_cv_prog_ac_ct_RANLIB=ranlib
ac_cv_prog_cc_c89=
ac_cv_prog_cc_c99=-std=gnu99
ac_cv_prog_cc_g=yes
ac_cv_safe_to_define___extensions__=yes
ac_cv_search_crypt='none required'
ac_cv_search_sqrt='none required'
ac_cv_search_strerror='none required'
ac_cv_struct_tm_gmtoff=yes
ac_cv_target=x86_64-apple-darwin11.4.2
ac_cv_type_rlim_t=yes
ap_cv_aprver13=yes
ap_cv_apuver13=yes
ap_cv_void_ptr_lt_long=no
ap_cv_zlib=/usr

## ----------------- ##
## Output variables. ##
## ----------------- ##

APACHECTL_ULIMIT=''
APR_BINDIR='/usr/bin'
APR_CONFIG='/usr/bin/apr-1-config'
APR_INCLUDEDIR='/usr/include/apr-1'
APR_VERSION='1.4.2'
APU_BINDIR='/usr/bin'
APU_CONFIG='/usr/bin/apu-1-config'
APU_INCLUDEDIR='/usr/include/apr-1'
APU_VERSION='1.3.10'
AP_BUILD_SRCLIB_DIRS=''
AP_CLEAN_SRCLIB_DIRS=''
AP_LIBS='$(MOD_SO_LDADD) $(MOD_HTTP_LDADD) $(MOD_MPM_EVENT_LDADD)  -L/usr/lib -R/usr/lib -laprutil-1     -lexpat -liconv -L/usr/lib -lpq    -lsqlite3        -lldap -llber -llber  -L/usr/lib -R/usr/lib -lapr-1 -lpthread'
AWK='awk'
BUILTIN_LIBS=' modules/core/libmod_so.la modules/http/libmod_http.la'
CC='gcc -std=gnu99'
CFLAGS=''
CORE_IMPLIB=''
CORE_IMPLIB_FILE=''
CPP='gcc -E'
CPPFLAGS=''
CRYPT_LIBS=''
CXX=''
CXXFLAGS=''
DEFS='-DHAVE_CONFIG_H'
DSO_MODULES=' authn_file authn_dbm authn_anon authn_dbd authn_socache authn_core authz_host authz_groupfile authz_user authz_dbm authz_owner authz_dbd authz_core authnz_ldap access_compat auth_basic auth_form auth_digest allowmethods file_cache cache cache_disk socache_shmcb socache_dbm socache_memcache dbd dumpio buffer ratelimit reqtimeout ext_filter request include filter substitute sed deflate mime ldap log_config log_debug logio env expires headers unique_id setenvif version remoteip proxy proxy_connect proxy_ftp proxy_http proxy_fcgi proxy_scgi proxy_ajp proxy_balancer proxy_express session session_cookie session_dbd slotmem_shm ssl lbmethod_byrequests lbmethod_bytraffic lbmethod_bybusyness lbmethod_heartbeat unixd dav status autoindex info cgid dav_fs vhost_alias negotiation dir actions speling userdir alias rewrite'
DTRACE='true'
ECHO_C='\c'
ECHO_N=''
ECHO_T=''
EGREP='/usr/bin/grep -E'
ENABLED_DSO_MODULES=',authn_file,authn_core,authz_host,authz_groupfile,authz_user,authz_core,access_compat,auth_basic,reqtimeout,filter,mime,log_config,env,headers,setenvif,version,unixd,status,autoindex,dir,alias'
EXEEXT=''
EXTRA_CFLAGS=' '
EXTRA_CPPFLAGS=' -DDARWIN -DSIGPROCMASK_SETS_THREAD_MASK'
EXTRA_CXXFLAGS=''
EXTRA_INCLUDES='-I. -I$(top_srcdir)/os/$(OS_DIR) -I$(top_srcdir)/include -I/usr/include/apr-1 -I/usr/local/Cellar/pcre/8.32/include -I$(top_srcdir)/modules/aaa -I$(top_srcdir)/modules/cache -I$(top_srcdir)/modules/core -I$(top_srcdir)/modules/database -I$(top_srcdir)/modules/filters -I$(top_srcdir)/modules/ldap -I$(top_srcdir)/modules/loggers -I$(top_srcdir)/modules/lua -I$(top_srcdir)/modules/proxy -I$(top_srcdir)/modules/session -I$(top_srcdir)/modules/ssl -I$(top_srcdir)/modules/test -I$(top_srcdir)/server -I$(top_srcdir)/modules/arch/unix -I$(top_srcdir)/modules/dav/main -I$(top_srcdir)/modules/generators -I$(top_srcdir)/modules/mappers'
EXTRA_LDFLAGS=' '
EXTRA_LIBS=''
GREP='/usr/bin/grep'
HTTPD_LDFLAGS='-export-dynamic'
HTTPD_VERSION='2.4.4'
INCLUDES=''
INSTALL='$(LIBTOOL) --mode=install $(abs_srcdir)/build/install.sh -c'
INSTALL_DSO='yes'
INSTALL_PROG_FLAGS=''
INTERNAL_CPPFLAGS=''
LDFLAGS=''
LIBOBJS=''
LIBS=''
LIBTOOL='/usr/share/apr-1/build-1/libtool $(LTFLAGS)'
LN_S='ln -s'
LOAD_ALL_MODULES='no'
LTCFLAGS='-prefer-non-pic -static'
LTFLAGS='--silent'
LTLIBOBJS=''
LT_LDFLAGS=''
LUA_CFLAGS=''
LUA_LIBS=''
LYNX_PATH='lynx'
MATH_LIBS=''
MKDEP='$(CC) -MM'
MKINSTALLDIRS='$(abs_srcdir)/build/mkdir.sh'
MK_IMPLIB=''
MODULE_CLEANDIRS=' arch/win32 echo examples experimental lua test cluster dav/lock'
MODULE_DIRS=' aaa cache core database debugging filters http ldap loggers metadata proxy session slotmem ssl proxy/balancers arch/unix dav/main generators dav/fs mappers'
MOD_ACCESS_COMPAT_LDADD=''
MOD_ACTIONS_LDADD=''
MOD_ALIAS_LDADD=''
MOD_ALLOWMETHODS_LDADD=''
MOD_ASIS_LDADD=''
MOD_AUTHNZ_LDAP_LDADD=' -lldap -llber -llber'
MOD_AUTHN_ANON_LDADD=''
MOD_AUTHN_CORE_LDADD=''
MOD_AUTHN_DBD_LDADD=''
MOD_AUTHN_DBM_LDADD=''
MOD_AUTHN_FILE_LDADD=''
MOD_AUTHN_SOCACHE_LDADD=''
MOD_AUTHZ_CORE_LDADD=''
MOD_AUTHZ_DBD_LDADD=''
MOD_AUTHZ_DBM_LDADD=''
MOD_AUTHZ_GROUPFILE_LDADD=''
MOD_AUTHZ_HOST_LDADD=''
MOD_AUTHZ_OWNER_LDADD=''
MOD_AUTHZ_USER_LDADD=''
MOD_AUTH_BASIC_LDADD=''
MOD_AUTH_DIGEST_LDADD=''
MOD_AUTH_FORM_LDADD=''
MOD_AUTOINDEX_LDADD=''
MOD_BUCKETEER_LDADD=''
MOD_BUFFER_LDADD=''
MOD_CACHE_DISK_LDADD=''
MOD_CACHE_LDADD=''
MOD_CASE_FILTER_IN_LDADD=''
MOD_CASE_FILTER_LDADD=''
MOD_CERN_META_LDADD=''
MOD_CGID_LDADD=''
MOD_CGI_LDADD=''
MOD_CHARSET_LITE_LDADD=''
MOD_DATA_LDADD=''
MOD_DAV_FS_LDADD=''
MOD_DAV_LDADD=''
MOD_DAV_LOCK_LDADD=''
MOD_DBD_LDADD=''
MOD_DEFLATE_LDADD=' -lz'
MOD_DIALUP_LDADD=''
MOD_DIR_LDADD=''
MOD_DUMPIO_LDADD=''
MOD_ECHO_LDADD=''
MOD_ENV_LDADD=''
MOD_EXAMPLE_HOOKS_LDADD=''
MOD_EXAMPLE_IPC_LDADD=''
MOD_EXPIRES_LDADD=''
MOD_EXT_FILTER_LDADD=''
MOD_FILE_CACHE_LDADD=''
MOD_FILTER_LDADD=''
MOD_HEADERS_LDADD=''
MOD_HEARTBEAT_LDADD=''
MOD_HEARTMONITOR_LDADD=''
MOD_HTTP_LDADD=''
MOD_IDENT_LDADD=''
MOD_IMAGEMAP_LDADD=''
MOD_INCLUDE_LDADD=''
MOD_INFO_LDADD=''
MOD_ISAPI_LDADD=''
MOD_LBMETHOD_BYBUSYNESS_LDADD=''
MOD_LBMETHOD_BYREQUESTS_LDADD=''
MOD_LBMETHOD_BYTRAFFIC_LDADD=''
MOD_LBMETHOD_HEARTBEAT_LDADD=''
MOD_LDAP_LDADD=' -lldap -llber -llber'
MOD_LOGIO_LDADD=''
MOD_LOG_CONFIG_LDADD=''
MOD_LOG_DEBUG_LDADD=''
MOD_LOG_FORENSIC_LDADD=''
MOD_LUA_LDADD=''
MOD_MIME_LDADD=''
MOD_MIME_MAGIC_LDADD=''
MOD_MPM_EVENT_LDADD=''
MOD_NEGOTIATION_LDADD=''
MOD_OPTIONAL_FN_EXPORT_LDADD=''
MOD_OPTIONAL_FN_IMPORT_LDADD=''
MOD_OPTIONAL_HOOK_EXPORT_LDADD=''
MOD_OPTIONAL_HOOK_IMPORT_LDADD=''
MOD_PRIVILEGES_LDADD=''
MOD_PROXY_AJP_LDADD=''
MOD_PROXY_BALANCER_LDADD=''
MOD_PROXY_CONNECT_LDADD=''
MOD_PROXY_EXPRESS_LDADD=''
MOD_PROXY_FCGI_LDADD=''
MOD_PROXY_FDPASS_LDADD=''
MOD_PROXY_FTP_LDADD=''
MOD_PROXY_HTML_LDADD=''
MOD_PROXY_HTTP_LDADD=''
MOD_PROXY_LDADD=''
MOD_PROXY_SCGI_LDADD=''
MOD_RATELIMIT_LDADD=''
MOD_REFLECTOR_LDADD=''
MOD_REMOTEIP_LDADD=''
MOD_REQTIMEOUT_LDADD=''
MOD_REQUEST_LDADD=''
MOD_REWRITE_LDADD=''
MOD_SED_LDADD='-export-symbols-regex sed_module'
MOD_SESSION_COOKIE_LDADD=''
MOD_SESSION_CRYPTO_LDADD=''
MOD_SESSION_DBD_LDADD=''
MOD_SESSION_LDADD=''
MOD_SETENVIF_LDADD=''
MOD_SLOTMEM_PLAIN_LDADD=''
MOD_SLOTMEM_SHM_LDADD=''
MOD_SOCACHE_DBM_LDADD=''
MOD_SOCACHE_DC_LDADD=''
MOD_SOCACHE_MEMCACHE_LDADD=''
MOD_SOCACHE_SHMCB_LDADD=''
MOD_SO_ENABLED='yes'
MOD_SO_LDADD=''
MOD_SPELING_LDADD=''
MOD_SSL_LDADD='-export-symbols-regex ssl_module'
MOD_STATUS_LDADD=''
MOD_SUBSTITUTE_LDADD=''
MOD_SUEXEC_LDADD=''
MOD_UNIQUE_ID_LDADD=''
MOD_UNIXD_LDADD=''
MOD_USERDIR_LDADD=''
MOD_USERTRACK_LDADD=''
MOD_VERSION_LDADD=''
MOD_VHOST_ALIAS_LDADD=''
MOD_WATCHDOG_LDADD=''
MOD_XML2ENC_LDADD=''
MPM_LIB='server/mpm/event/libevent.la'
MPM_SUBDIRS=' event '
NONPORTABLE_SUPPORT='checkgid fcgistarter'
NOTEST_CFLAGS=''
NOTEST_CPPFLAGS=''
NOTEST_CXXFLAGS=''
NOTEST_LDFLAGS=''
NOTEST_LIBS=''
OBJEXT='o'
OS='unix'
OS_DIR='unix'
OS_SPECIFIC_VARS=''
PACKAGE_BUGREPORT=''
PACKAGE_NAME=''
PACKAGE_STRING=''
PACKAGE_TARNAME=''
PACKAGE_URL=''
PACKAGE_VERSION=''
PATH_SEPARATOR=':'
PCRE_CONFIG='/usr/local/bin/pcre-config'
PCRE_LIBS='-L/usr/local/Cellar/pcre/8.32/lib -lpcre'
PICFLAGS=''
PILDFLAGS=''
PKGCONFIG=''
PORT='80'
POST_SHARED_CMDS='echo ""'
PRE_SHARED_CMDS='echo ""'
RANLIB='ranlib'
RM='/bin/rm'
RSYNC='/usr/bin/rsync'
SHELL='/bin/sh'
SHLIBPATH_VAR='DYLD_LIBRARY_PATH'
SHLTCFLAGS='-prefer-pic'
SH_LDFLAGS=''
SH_LIBS=''
SH_LIBTOOL='$(LIBTOOL)'
SSLPORT='443'
UTIL_LDFLAGS=''
ab_CFLAGS=''
ab_LDFLAGS='-lssl -lcrypto  -lpthread'
ab_LTFLAGS=''
abs_srcdir='/Users/chiragsanghvi/cluster/httpd-2.4.4'
ac_ct_CC='gcc'
ap_make_delimiter=' '
ap_make_include='include'
bindir='${exec_prefix}/bin'
build='x86_64-apple-darwin11.4.2'
build_alias=''
build_cpu='x86_64'
build_os='darwin11.4.2'
build_vendor='apple'
cgidir='${datadir}/cgi-bin'
checkgid_LTFLAGS=''
datadir='${prefix}'
datarootdir='${prefix}/share'
docdir='${datarootdir}/doc/${PACKAGE}'
dvidir='${docdir}'
errordir='${datadir}/error'
exec_prefix='${prefix}'
exp_bindir='/usr/local/apache2/bin'
exp_cgidir='/usr/local/apache2/cgi-bin'
exp_datadir='/usr/local/apache2'
exp_errordir='/usr/local/apache2/error'
exp_exec_prefix='/usr/local/apache2'
exp_htdocsdir='/usr/local/apache2/htdocs'
exp_iconsdir='/usr/local/apache2/icons'
exp_includedir='/usr/local/apache2/include'
exp_installbuilddir='/usr/local/apache2/build'
exp_libdir='/usr/local/apache2/lib'
exp_libexecdir='/usr/local/apache2/modules'
exp_localstatedir='/usr/local/apache2'
exp_logfiledir='/usr/local/apache2/logs'
exp_mandir='/usr/local/apache2/man'
exp_manualdir='/usr/local/apache2/manual'
exp_proxycachedir='/usr/local/apache2/proxy'
exp_runtimedir='/usr/local/apache2/logs'
exp_sbindir='/usr/local/apache2/bin'
exp_sysconfdir='/usr/local/apache2/conf'
fcgistarter_LTFLAGS=''
host='x86_64-apple-darwin11.4.2'
host_alias=''
host_cpu='x86_64'
host_os='darwin11.4.2'
host_vendor='apple'
htcacheclean_LTFLAGS=''
htdbm_LTFLAGS=''
htdigest_LTFLAGS=''
htdocsdir='${datadir}/htdocs'
htmldir='${docdir}'
htpasswd_LTFLAGS=''
httxt2dbm_LTFLAGS=''
iconsdir='${datadir}/icons'
includedir='${prefix}/include'
infodir='${datarootdir}/info'
installbuilddir='${datadir}/build'
libdir='${exec_prefix}/lib'
libexecdir='${exec_prefix}/modules'
localedir='${datarootdir}/locale'
localstatedir='${prefix}'
logfiledir='${localstatedir}/logs'
logresolve_LTFLAGS=''
mandir='${prefix}/man'
manualdir='${datadir}/manual'
oldincludedir='/usr/include'
other_targets=''
pdfdir='${docdir}'
perlbin='/usr/bin/perl'
prefix='/usr/local/apache2'
progname='httpd'
program_transform_name='s,x,x,'
proxycachedir='${localstatedir}/proxy'
psdir='${docdir}'
rel_bindir='bin'
rel_cgidir='cgi-bin'
rel_datadir=''
rel_errordir='error'
rel_exec_prefix=''
rel_htdocsdir='htdocs'
rel_iconsdir='icons'
rel_includedir='include'
rel_installbuilddir='build'
rel_libdir='lib'
rel_libexecdir='modules'
rel_localstatedir=''
rel_logfiledir='logs'
rel_mandir='man'
rel_manualdir='manual'
rel_proxycachedir='proxy'
rel_runtimedir='logs'
rel_sbindir='bin'
rel_sysconfdir='conf'
rotatelogs_LTFLAGS=''
runtimedir='${localstatedir}/logs'
sbindir='${exec_prefix}/bin'
shared_build='shared-build'
sharedstatedir='${prefix}/com'
sysconfdir='${prefix}/conf'
target='x86_64-apple-darwin11.4.2'
target_alias=''
target_cpu='x86_64'
target_os='darwin11.4.2'
target_vendor='apple'

## ----------- ##
## confdefs.h. ##
## ----------- ##

/* confdefs.h */
#define PACKAGE_NAME ""
#define PACKAGE_TARNAME ""
#define PACKAGE_VERSION ""
#define PACKAGE_STRING ""
#define PACKAGE_BUGREPORT ""
#define PACKAGE_URL ""
#define STDC_HEADERS 1
#define HAVE_SYS_TYPES_H 1
#define HAVE_SYS_STAT_H 1
#define HAVE_STDLIB_H 1
#define HAVE_STRING_H 1
#define HAVE_MEMORY_H 1
#define HAVE_STRINGS_H 1
#define HAVE_INTTYPES_H 1
#define HAVE_STDINT_H 1
#define HAVE_UNISTD_H 1
#define __EXTENSIONS__ 1
#define _ALL_SOURCE 1
#define _GNU_SOURCE 1
#define _POSIX_PTHREAD_SEMANTICS 1
#define _TANDEM_SOURCE 1
#define STDC_HEADERS 1
#define HAVE_STRING_H 1
#define HAVE_LIMITS_H 1
#define HAVE_UNISTD_H 1
#define HAVE_SYS_SOCKET_H 1
#define HAVE_PWD_H 1
#define HAVE_GRP_H 1
#define HAVE_STRINGS_H 1
#define HAVE_SYS_SEM_H 1
#define HAVE_SYS_SDT_H 1
#define HAVE_SYS_WAIT_H 1
#define HAVE_GETPWNAM 1
#define HAVE_GETGRNAM 1
#define HAVE_INITGROUPS 1
#define HAVE_TIMEGM 1
#define HAVE_GETPGID 1
#define HAVE_GETLOADAVG 1
#define HAVE_GMTOFF 1
#define HAVE_OPENSSL_ENGINE_H 1
#define HAVE_SSLEAY_VERSION 1
#define HAVE_SSL_CTX_NEW 1
#define HAVE_ENGINE_INIT 1
#define HAVE_ENGINE_LOAD_BUILTIN_ENGINES 1
#define HAVE_OPENSSL 1
#define HAVE_SYS_TIME_H 1
#define HAVE_SYS_RESOURCE_H 1
#define HAVE_SYS_SEM_H 1
#define HAVE_SYS_IPC_H 1
#define HAVE_SETSID 1
#define HAVE_KILLPG 1
#define HAVE_UNISTD_H 1
#define HAVE_SYSLOG 1
#define HAVE_SYS_TIMES_H 1
#define HAVE_TIMES 1
#define HAVE_KQUEUE 1
#define HAVE_PTHREAD_KILL 1
#define AP_USING_AUTOCONF 1
#define SINGLE_LISTEN_UNSERIALIZED_ACCEPT 1
#define AP_NONBLOCK_WHEN_MULTI_LISTEN 1
#define AP_ENABLE_V4_MAPPED 1
#define HTTPD_ROOT "/usr/local/apache2"
#define SERVER_CONFIG_FILE "conf/httpd.conf"
#define AP_TYPES_CONFIG_FILE "conf/mime.types"

configure: exit 0
