This file contains any messages produced by compilers while
running configure, to aid debugging if configure makes a mistake.

It was created by configure, which was
generated by GNU Autoconf 2.59.  Invocation command line was

  $ ./configure 

## --------- ##
## Platform. ##
## --------- ##

hostname = Chirag-Sanghvis-MacBook.local
uname -m = x86_64
uname -r = 11.4.2
uname -s = Darwin
uname -v = Darwin Kernel Version 11.4.2: Thu Aug 23 16:25:48 PDT 2012; root:xnu-1699.32.7~1/RELEASE_X86_64

/usr/bin/uname -p = i386
/bin/uname -X     = unknown

/bin/arch              = unknown
/usr/bin/arch -k       = unknown
/usr/convex/getsysinfo = unknown
hostinfo               = Mach kernel version:
	 Darwin Kernel Version 11.4.2: Thu Aug 23 16:25:48 PDT 2012; root:xnu-1699.32.7~1/RELEASE_X86_64
Kernel configured for up to 2 processors.
2 processors are physically available.
2 processors are logically available.
Processor type: i486 (Intel 80486)
Processors active: 0 1
Primary memory available: 8.00 gigabytes
Default processor set: 115 tasks, 559 threads, 2 processors
Load average: 0.94, Mach factor: 1.26
/bin/machine           = unknown
/usr/bin/oslevel       = unknown
/bin/universe          = unknown

PATH: /usr/bin
PATH: /bin
PATH: /usr/sbin
PATH: /sbin
PATH: /usr/local/bin
PATH: /usr/X11/bin
PATH: /usr/local/git/bin
PATH: /Users/chiragsanghvi/android/tools
PATH: /Users/chiragsanghvi/android/platform-tools


## ----------- ##
## Core tests. ##
## ----------- ##

configure:1547: checking for a BSD-compatible install
configure:1602: result: /usr/bin/install -c
configure:1613: checking whether build environment is sane
configure:1656: result: yes
configure:1721: checking for gawk
configure:1750: result: no
configure:1721: checking for mawk
configure:1750: result: no
configure:1721: checking for nawk
configure:1750: result: no
configure:1721: checking for awk
configure:1737: found /usr/bin/awk
configure:1747: result: awk
configure:1757: checking whether make sets $(MAKE)
configure:1781: result: no
configure:1957: checking build system type
configure:1975: result: i686-apple-darwin11.4.2
configure:1983: checking host system type
configure:1997: result: i686-apple-darwin11.4.2
configure:2020: checking for style of include used by make
configure:2048: result: none
configure:2119: checking for gcc
configure:2148: result: no
configure:2199: checking for cc
configure:2228: result: no
configure:2241: checking for cc
configure:2287: result: no
configure:2340: checking for cl
configure:2369: result: no
configure:2383: error: no acceptable C compiler found in $PATH
See `config.log' for more details.

## ---------------- ##
## Cache variables. ##
## ---------------- ##

ac_cv_build=i686-apple-darwin11.4.2
ac_cv_build_alias=i686-apple-darwin11.4.2
ac_cv_env_CC_set=
ac_cv_env_CC_value=
ac_cv_env_CFLAGS_set=
ac_cv_env_CFLAGS_value=
ac_cv_env_CPPFLAGS_set=
ac_cv_env_CPPFLAGS_value=
ac_cv_env_CPP_set=
ac_cv_env_CPP_value=
ac_cv_env_CXXCPP_set=
ac_cv_env_CXXCPP_value=
ac_cv_env_CXXFLAGS_set=
ac_cv_env_CXXFLAGS_value=
ac_cv_env_CXX_set=
ac_cv_env_CXX_value=
ac_cv_env_F77_set=
ac_cv_env_F77_value=
ac_cv_env_FFLAGS_set=
ac_cv_env_FFLAGS_value=
ac_cv_env_LDFLAGS_set=
ac_cv_env_LDFLAGS_value=
ac_cv_env_build_alias_set=
ac_cv_env_build_alias_value=
ac_cv_env_host_alias_set=
ac_cv_env_host_alias_value=
ac_cv_env_target_alias_set=
ac_cv_env_target_alias_value=
ac_cv_host=i686-apple-darwin11.4.2
ac_cv_host_alias=i686-apple-darwin11.4.2
ac_cv_path_install='/usr/bin/install -c'
ac_cv_prog_AWK=awk
ac_cv_prog_make_make_set=no

## ----------------- ##
## Output variables. ##
## ----------------- ##

ACLOCAL='${SHELL} /Users/chiragsanghvi/cluster/siege-3.0.0/utils/missing --run aclocal-1.9'
ALLOCA=''
AMDEPBACKSLASH='\'
AMDEP_FALSE='#'
AMDEP_TRUE=''
AMTAR='${SHELL} /Users/chiragsanghvi/cluster/siege-3.0.0/utils/missing --run tar'
AR=''
AUTHOR='Jeffrey Fulmer, et al.'
AUTOCONF='${SHELL} /Users/chiragsanghvi/cluster/siege-3.0.0/utils/missing --run autoconf'
AUTOHEADER='${SHELL} /Users/chiragsanghvi/cluster/siege-3.0.0/utils/missing --run autoheader'
AUTOMAKE='${SHELL} /Users/chiragsanghvi/cluster/siege-3.0.0/utils/missing --run automake-1.9'
AWK='awk'
CC=''
CCDEPMODE=''
CC_R=''
CFLAGS=''
CPP=''
CPPFLAGS=''
CXX=''
CXXCPP=''
CXXDEPMODE=''
CXXFLAGS=''
CYGPATH_W='echo'
DATE='May-01-2013'
DEFS=''
DEPDIR='.deps'
ECHO='/bin/echo'
ECHO_C='ECHO_N=''
ECHO_T=''
EGREP=''
EMAIL='jeff@joedog.org'
EXEEXT=''
F77=''
FFLAGS=''
INSTALL_DATA='${INSTALL} -m 644'
INSTALL_PROGRAM='${INSTALL}'
INSTALL_SCRIPT='${INSTALL}'
INSTALL_STRIP_PROGRAM='${SHELL} $(install_sh) -c -s'
LDFLAGS=''
LDL=''
LIBOBJS=''
LIBS=''
LIBTOOL=''
LN_S=''
LTLIBOBJS=''
MAKEINFO='${SHELL} /Users/chiragsanghvi/cluster/siege-3.0.0/utils/missing --run makeinfo'
OBJEXT=''
PACKAGE='siege'
PACKAGE_BUGREPORT=''
PACKAGE_NAME=''
PACKAGE_STRING=''
PACKAGE_TARNAME=''
PACKAGE_VERSION=''
PATH_SEPARATOR=':'
PERL=''
PLATFORM='apple-i686-darwin11.4.2'
PROGRAM='siege'
PTHREAD_CFLAGS=''
PTHREAD_LDFLAGS=''
RANLIB=''
SED=''
SET_MAKE='MAKE=make'
SHELL='/bin/sh'
SSL_CFLAGS=''
SSL_INCLUDE=''
SSL_LDFLAGS=''
SSL_LIBS=''
STRIP=''
VERSION='3.0.0'
WARN_CFLAGS=''
ac_ct_AR=''
ac_ct_CC=''
ac_ct_CXX=''
ac_ct_F77=''
ac_ct_RANLIB=''
ac_ct_STRIP=''
am__fastdepCC_FALSE=''
am__fastdepCC_TRUE=''
am__fastdepCXX_FALSE=''
am__fastdepCXX_TRUE=''
am__include='#'
am__leading_dot='.'
am__quote=''
am__tar='${AMTAR} chof - "$$tardir"'
am__untar='${AMTAR} xf -'
bindir='${exec_prefix}/bin'
build='i686-apple-darwin11.4.2'
build_alias=''
build_cpu='i686'
build_os='darwin11.4.2'
build_vendor='apple'
datadir='${prefix}/share'
exec_prefix='NONE'
host='i686-apple-darwin11.4.2'
host_alias=''
host_cpu='i686'
host_os='darwin11.4.2'
host_vendor='apple'
includedir='${prefix}/include'
infodir='${prefix}/info'
install_sh='/Users/chiragsanghvi/cluster/siege-3.0.0/utils/install-sh'
libdir='${exec_prefix}/lib'
libexecdir='${exec_prefix}/libexec'
localstatedir='${prefix}/var'
mandir='${prefix}/man'
mkdir_p='$(mkinstalldirs)'
oldincludedir='/usr/include'
prefix='NONE'
program_transform_name='s,x,x,'
sbindir='${exec_prefix}/sbin'
sharedstatedir='${prefix}/com'
sysconfdir='${prefix}/etc'
target_alias=''

## ----------- ##
## confdefs.h. ##
## ----------- ##

#define PACKAGE "siege"
#define PACKAGE_BUGREPORT ""
#define PACKAGE_NAME ""
#define PACKAGE_STRING ""
#define PACKAGE_TARNAME ""
#define PACKAGE_VERSION ""
#define VERSION "3.0.0"

configure: exit 1
